sub_10000 
sub_10010 void *__fastcall(T_Type5 *, int, int, int)
sub_10668 int __fastcall(_DWORD *, char *, int, int)
sub_10878 int __fastcall(_DWORD *, int, int, int)
sub_10A14 int __fastcall(int, int)
sub_10A3C void __fastcall __spoils<>(P_TypeA8 a1)
sub_10A80 int __fastcall(int, char)
sub_10AC4 void __fastcall __spoils<>(P_TypeA8 result)
sub_10B24 int __fastcall(int, unsigned __int16, int, int *)
sub_11870 void __fastcall(int, int edx0)
sub_11BA4 int __fastcall(int)
sub_12140 int __fastcall(int)
sub_12238 int __fastcall(int, int)
sub_1229C void __fastcall(int, int)
sub_12368 unsigned int __fastcall(int, int)
sub_1240C unsigned int __fastcall(int, int)
sub_12430 
sub_12440 char *__fastcall(int)
sub_12480 int __fastcall(float *, float *, int, int, float)
sub_12618 unsigned int __fastcall(int)
sub_12674 void __fastcall(int)
sub_126F8 int __fastcall(int, int)
sub_12AE4 int __fastcall(int, int)
sub_12B4C void __fastcall(int, int)
sub_12C98 unsigned int __fastcall(int, int, int)
sub_12E88 unsigned int __fastcall(int)
sub_12F7C int __fastcall(int)
sub_13370 unsigned int __fastcall(int, int, int)
sub_136C4 unsigned int __fastcall(int)
sub_1380C unsigned int __fastcall(int)
sub_139E0 int *__fastcall(int, int)
sub_13A28 int *__fastcall(int, int)
sub_13AD8 unsigned int __fastcall(int, int)
sub_13BC0 _DWORD *__fastcall(_DWORD *result, _DWORD *)
sub_13BE0 
sub_13BF0 _DWORD *__fastcall(_DWORD *result)
sub_13C10 unsigned int __fastcall(int)
sub_14224 unsigned int __fastcall(int)
sub_142D8 int __fastcall(int)
sub_14490 int __fastcall(int)
sub_145C0 unsigned int __fastcall(int)
sub_147CC unsigned int __fastcall(int)
sub_14B18 unsigned int __fastcall(int, int, int)
sub_15078 unsigned int __fastcall(int)
sub_15164 unsigned int __fastcall(int)
sub_152E4 unsigned int __fastcall(int, int, int, int)
sub_15630 int *__fastcall(int, int)
sub_156C0 int __fastcall(int, int, unsigned __int16)
sub_1577C int __fastcall(int)
sub_15788 int __fastcall(int result)
sub_15794 int __fastcall(int result, int)
sub_157B4 int __fastcall(const void *, const void *)
sub_157EC void __fastcall(size_t *)
sub_15808 char *__fastcall(int, int, int)
sub_15948 int __fastcall(int, int)
sub_15D20 int __fastcall(int)
sub_15D2C int __fastcall(int result)
sub_15D38 int __fastcall(int result, const void *)
sub_15D74 int __fastcall(int result, int)
sub_15DA4 int __fastcall(int result, int, unsigned __int16)
sub_15E1C void __fastcall(int *, int)
sub_15ED4 int __fastcall(T_TypeA2 *)
sub_1604C void *__fastcall(int, char)
sub_16120 int __fastcall(int)
sub_16348 int __fastcall(int, unsigned __int16, int, signed int)
sub_16D6C void __fastcall(int, int, int, int)
sub_16FC0 int __fastcall(int, int, int, int)
sub_171D0 int __fastcall(int, int, int)
sub_17204 char *__fastcall(int, int, int)
sub_17260 void __fastcall(int result)
sub_172B0 void __fastcall(int)
sub_173F4 int __fastcall(int, int, int, int)
sub_17430 int __fastcall(int)
sub_17E50 void __fastcall(int, int, int, int)
sub_17E88 float *__fastcall(int, int)
sub_17F54 void __fastcall(int)
sub_17FF0 void __fastcall(int, int, int, int)
sub_181F0 void __fastcall(int)
sub_1826C int __fastcall(int, int, unsigned __int16, unsigned __int16)
sub_182B8 void __fastcall(int, int)
sub_18370 unsigned int __fastcall(int)
sub_185CC int __fastcall(int)
sub_186B8 void __fastcall(int, int, int)
sub_187EC int __fastcall(int)
sub_18C2C void __fastcall(int, int)
sub_18CA8 void __fastcall(int, int)
sub_1936C void __fastcall(int)
sub_19AE8 int __fastcall(int)
sub_19E2C __int64 __fastcall(int, unsigned int, int)
sub_1A9C0 int __fastcall(int)
sub_1A9E0 int __fastcall(int)
sub_1AA00 int __fastcall(int)
sub_1AA40 _DWORD *__fastcall(float *, float *)
sub_1AA90 __int64 __fastcall(int)
sub_1AAC0 _DWORD *__fastcall(int)
sub_1ABD0 
sub_1ABE0 _DWORD *__fastcall(_DWORD *)
sub_1AC70 float *__fastcall(float *result, int, int, int)
sub_1ACA0 _DWORD *__fastcall(_DWORD *result)
sub_1ACC0 int __fastcall(int, int, int)
sub_1ACE8 int __fastcall(int result)
sub_1ACF4 int __fastcall(int)
sub_1AD1C _DWORD *__fastcall(int, int)
sub_1ADAC int __fastcall(int, const char *)
sub_1AEB0 int __fastcall(unsigned int, unsigned __int16, const char *)
sub_1B000 int __fastcall(unsigned int, unsigned __int16)
sub_1B084 int __fastcall(unsigned int, int)
sub_1B270 int __fastcall(int, const char *, int)
sub_1B2DC int __fastcall(unsigned int, int)
sub_1B354 int __fastcall(unsigned int, unsigned __int16)
sub_1B498 _DWORD *__fastcall(_DWORD *result)
sub_1B4D0 _DWORD *__fastcall(_DWORD *)
sub_1B4F0 _DWORD *__fastcall(_DWORD *)
sub_1B808 void __fastcall(_DWORD *, int, int, int, int, int, int, int)
sub_1B834 void __fastcall(int, int)
sub_1B864 float *__fastcall(int, int, int, int)
sub_1B958 float *__fastcall(int, float *, int, int)
sub_1BAF0 void __fastcall(float *, int, int, int, int)
sub_1BB10 FILE *__fastcall(const char *aFName, fpos_t *pos)
Q_InitFileInfo_sub_1BB78 void __fastcall(P_Type1 a1)
Q_CloseFileAndDelete_sub_1BBC8 void __fastcall(P_Type1 a1)
Q_CfilePreload_sub_1BBFC BOOL __fastcall(P_Type1 a1, const char *aFName, int aOFlags, int a4)
sub_1BCA8 BOOL __fastcall(T_Type1 *, const char *)
Q_CFILE_CPP_sub_1BCBC BOOL __fastcall(T_Type1 *a1, int aOFlags)
Q_CloseFile_sub_1BE00 int __fastcall(P_Type1 a1)
sub_1BE28 int __fastcall(P_Type1 a1)
sub_1BEA0 int __fastcall(int *)
sub_1BECC int __fastcall(int *, int offset, int)
sub_1BF0C int __fastcall(int *, int)
Q_CfileLoad_sub_1BF1C void *__fastcall(T_Type1 *, void *)
sub_1BF94 int __fastcall(P_Type1 a1, void *aBuf, unsigned int aLen)
sub_1BFD4 unsigned int __fastcall(int *, void *buf, unsigned int, unsigned int, int)
sub_1C098 unsigned int __fastcall(unsigned int count, int, unsigned int)
Q_CFILE_CPP_IndexOneCob_sub_1C278 void __fastcall(P_CobFilesIndex a1, char *CobFileName)
Q_CobCfgLoad_sub_1C3C4 void __fastcall(P_CobFilesIndex a1)
func void(void)
main_ int __fastcall(int argc, char *argv[])
sub_1CC94 void()
Q_CORN_CPP_StaticTxtLoad_sub_1CD3C int()
Q_CORN_CPP_StaticTxtRead_sub_1CEA8 char *__fastcall(int aTextIndex)
sub_1CEF0 int()
sub_1CF14 unsigned __int8 __fastcall(unsigned __int8 result)
sub_1CF40 _DWORD *__fastcall(_DWORD *result)
sub_1CF68 int __fastcall(int, int)
sub_1D234 __int16 __fastcall(int, int, __int16)
sub_1D3E8 unsigned int __fastcall(int, int, int)
sub_1D538 unsigned int __fastcall(int, int)
sub_1D654 int __fastcall(__int16 *, int, int)
sub_1D734 void __fastcall(int, int)
sub_1D794 int __fastcall(__int16 *, _DWORD *)
sub_1D834 unsigned int __fastcall(int, __int16)
sub_1D920 int *__fastcall(int, unsigned int count, int)
sub_1DA04 int __fastcall(int, int)
sub_1DA4C int __fastcall(int, __int16, int, int)
sub_1DB70 int __fastcall(int, __int16, int, int)
sub_1DE64 int __fastcall(int)
sub_1E03C int __fastcall(int)
sub_1E094 char __fastcall(int)
sub_1E10C void __fastcall(int, __int16, __int16, __int16)
sub_1E150 int __fastcall(int, __int16)
sub_1E2A0 int __fastcall(int, __int16)
sub_1E70C void __fastcall(int, __int16, unsigned __int8)
sub_1EE08 char __fastcall(int, char)
sub_1EEA4 __int16 __fastcall(int)
sub_1EFC0 void __fastcall(int)
sub_1F038 unsigned int __fastcall(int)
sub_1F404 int __fastcall(int)
sub_1F91C int()
sub_1FB34 int __fastcall(int)
sub_1FD18 void __fastcall(int, int)
sub_1FD90 int __fastcall(int, int, int)
sub_1FDF0 int __fastcall(int, int, int, int)
sub_1FFE0 int __fastcall(int, int)
sub_2016C int __fastcall(int, int, __int16)
sub_201D8 int __fastcall(int)
sub_205A0 int __fastcall(int, int, int)
sub_20684 char *__fastcall(int, __int16)
sub_20720 __int16 __fastcall(int, int)
sub_207A0 char __fastcall(int)
sub_20B3C int __fastcall(int)
sub_20C94 char __fastcall(int, int, int, int)
sub_2106C int __fastcall(int result)
sub_21170 unsigned __int8 __fastcall(int)
sub_211EC int __fastcall(int, int, int)
sub_21314 void __fastcall(int)
sub_21374 int __fastcall(int, unsigned int count)
sub_21AA0 __int16 __fastcall(int, unsigned int count)
sub_220CC __int16 __fastcall(int)
sub_22260 int __fastcall(int)
sub_22280 int __fastcall(int)
sub_222A0 int __fastcall(int)
sub_222C0 int __fastcall(int)
sub_222E0 int __fastcall(int)
sub_22300 int __fastcall(int)
sub_22320 int __fastcall(int)
sub_22340 
sub_22350 
sub_22360 _DWORD *__fastcall(int)
sub_223A0 
sub_223B0 char *__fastcall(int)
sub_223D0 
sub_223E0 char *__fastcall(int)
sub_22400 int __fastcall(int result)
sub_22430 int __fastcall(const void *, const void *)
sub_22468 int()
sub_224A4 char *__fastcall(int)
sub_22588 char *__fastcall(char *, char)
Q_COSWND_CPP_sub_22644 unsigned int __fastcall(int, const char *, const char *)
sub_2280C _DWORD *__fastcall(int, int, int, int)
sub_228A4 
sub_23BF0 void __fastcall(int, int)
sub_23FD4 int __fastcall(int)
sub_24154 void __fastcall(int, int, int, int, float)
sub_24198 void __fastcall(int, int, int, int)
sub_2422C void __fastcall(int, int, int, int)
sub_24948 int __fastcall(int result, int, int)
sub_24BE0 int __fastcall(int)
sub_24D30 int __fastcall __spoils<>(int, int, int, int)
sub_24FCC __int64 __fastcall(int, T_Type1 *, int)
sub_254A4 int __fastcall(int)
sub_254B0 int __fastcall(int result)
sub_254BC int __fastcall(int result, int)
sub_254DC void __fastcall(size_t *)
sub_254F8 char __fastcall(int *, int)
sub_25BF8 void __fastcall __spoils<>(P_TypeA2 a1)
sub_25C08 int __fastcall(int, char)
sub_25C4C void __fastcall(unsigned int, int)
sub_25CB8 int __fastcall(int result)
sub_25CD4 int __fastcall(int, char)
sub_25D18 void __fastcall(int result, int)
sub_25FB4 int __fastcall(int result)
sub_26000 unsigned int __fastcall(int, __int16, __int16, int)
sub_26140 int __fastcall(int)
sub_26150 char *__fastcall(int)
sub_26160 int()
Q_debugbreak_sub_26194 void()
Q_AssertLogBreakExit_sub_26198 void __fastcall __noreturn(int ignore, const char *sourcefile, int line)
Q_AssertLogBreakExit_sub_261A8 void __fastcall __noreturn(int ignore, const char *sourcefile, int line)
sub_261B8 int __fastcall(int result, const char *, int)
sub_2620C int __cdecl(char *format, char)
Q_debugbreak_exit_sub_2624C void __noreturn()
sub_2625C void __fastcall __spoils<edx,ebx>(void *aData, int a2, char *a3)
sub_2627C void __fastcall(void *)
sub_2628C void *__fastcall(size_t, int, char *s2)
sub_262B0 void *__fastcall(size_t, size_t, int, char *)
sub_262CC void __fastcall(void *ptr)
sub_262F0 void()
sub_26314 void()
sub_2631C void()
sub_26328 void()
sub_2632C void()
sub_2633C int()
sub_26360 __int16 __fastcall __spoils<>(__int16)
sub_264B4 unsigned int()
sub_2656C int __fastcall(__int16)
sub_265A8 void __fastcall(int)
sub_267A0 void __fastcall __spoils<>(P_TypeA5 a1)
sub_267BC int __fastcall(int, char)
sub_26800 void __fastcall __spoils<>(P_TypeA5 result)
sub_26874 char __fastcall(int, __int16 *)
sub_270F4 unsigned int __fastcall(int, __int16, int, int)
sub_27124 
sub_2712C void __fastcall __spoils<>(T_TypeA2 *a1)
sub_2713C int __fastcall(int, char)
sub_27184 unsigned int __fastcall(int, __int16, int, int)
sub_271FC __int64 __fastcall(int)
sub_27BF8 void __fastcall __spoils<>(P_TypeA2 a1)
sub_27C08 int __fastcall(int, char)
sub_27C50 unsigned int __fastcall(int, __int16, int, int)
sub_27D18 void __fastcall(int, int, int, int)
callback_fn void __cdecl(ULONG user)
sub_28C4C int __fastcall(__int16 *, __int16 *)
sub_28C74 void __fastcall __spoils<>(P_Type2 a1)
sub_28DA4 __int64 __fastcall(int)
sub_28EB4 unsigned int __fastcall(int, const char *, int, int, int)
sub_29038 int __fastcall(int, size_t, unsigned int, int, int, int)
sub_296B4 unsigned int __fastcall(int, int, int, int)
sub_29B24 void __fastcall(_DWORD *, int, int, int)
sub_29C6C unsigned __int16 __fastcall(int, _WORD *)
sub_29D54 int __fastcall(int, unsigned __int8 *)
sub_29F58 void __fastcall(int, const void *)
sub_2A1DC FILE *__fastcall(int, const char *)
sub_2AA88 void __fastcall(int)
sub_2AC84 int __fastcall(int, ULONG hertz)
sub_2AD08 void __fastcall(int)
sub_2AD40 __int16 __cdecl(unsigned __int16 *, int, LONG y)
sub_2AE80 void __fastcall __spoils<>(P_TypeA9 a1)
sub_2AEB0 void *__fastcall(int, char)
sub_2AF04 unsigned int __fastcall(int, const char *)
sub_2AF3C int __fastcall(int)
sub_2AFF0 unsigned int __fastcall(int, __int16, int, int)
sub_2B2C0 void __fastcall __spoils<>(_DWORD *)
sub_2B2E0 void **__fastcall(void **)
sub_2B2FC unsigned int __fastcall(int a1, const char *aFName)
sub_2B360 unsigned int __fastcall(void **a1, const char *aFName)
sub_2B3E0 _DWORD *__fastcall(_DWORD *result, int, int, int, int)
sub_2B3F4 int __fastcall(int, char *s2, char *s1, int)
sub_2B4F4 int __fastcall(_DWORD *, char *string)
sub_2B594 int __fastcall(int *)
sub_2B5BC int __fastcall(int *, char *)
sub_2B610 void __fastcall(_DWORD *, int, int, char *, int, int, __int16)
sub_2B8A8 int __fastcall(int, int, int, const char *, __int16, __int16, __int16, int)
sub_2BB50 int()
sub_2BB74 unsigned int __fastcall(int **, int *, int *, int *, int *, unsigned __int8, int)
sub_2BC40 int __fastcall(_DWORD *, int, int, int *, int *)
sub_2BCF4 int __fastcall(int, unsigned __int8)
sub_2BD04 __int64 __fastcall(int, char, char *)
sub_2BD4C int __fastcall(int result)
sub_2BD7C T_Type6 *__fastcall(T_Type6 *)
sub_2BD88 unsigned int __fastcall(P_Type6 a1, const char *a2, const char *a3)
Q_GSYSTEM_CPP_sub_2BFDC unsigned int __fastcall(P_Type6 a1, int a2, int a3, int a4)
sub_2C08C void *__fastcall(int, unsigned __int16)
sub_2C0C0 int __fastcall(int, const char *, unsigned __int16)
Q_LoadPal_sub_2C158 unsigned int __fastcall(P_Type6 a1, const char *aFName, int a3, unsigned __int16 a4)
sub_2C1E0 int __fastcall(int, unsigned __int16, unsigned __int16, unsigned int)
sub_2C224 int __fastcall(P_Type6 a1, unsigned __int16 a2, __int16 a3, RGB *a4)
sub_2C2B0 int __fastcall(int, unsigned __int16, __int16, int)
sub_2C2F8 void __fastcall(int, char *)
sub_2C418 void __fastcall(int, int, __int16)
sub_2C4C0 void __fastcall(int, int, int)
sub_2C5E4 __int64 __fastcall(int, char)
sub_2C670 void __fastcall(int, int, int, char *)
sub_2C6CC void __fastcall(P_Type6 a1)
Q_GSYSTEM_CPP_PreloadMouseShp_sub_2C744 void __fastcall(P_Type6 a1, char *a2, int a3, int a4)
Q_GSYSTEM_CPP_sub_2C7D0 void __fastcall(T_Type6 *a1, int a2, int a3)
sub_2C830 void __fastcall __spoils<>(P_TypeA2 a1)
sub_2C848 int __fastcall(int, char)
sub_2C8E4 void __fastcall __spoils<>(P_TypeA1 result)
sub_2C978 int __fastcall(P_TypeA1 a1)
sub_2C990 unsigned int __fastcall(int, int)
sub_2CA0C unsigned int __fastcall(int, int, _DWORD *)
sub_2CA78 _DWORD *__fastcall(_DWORD *result, __int16, __int16)
sub_2CD24 void __fastcall(unsigned int, int)
sub_2CF28 void __fastcall(unsigned int)
sub_2D0F4 unsigned int __fastcall(unsigned int, int)
sub_2D218 void __fastcall(_DWORD *)
sub_2D258 int __fastcall(int result, __int16)
sub_2D2CC int __fastcall(int, int, int, int)
sub_2D334 int __fastcall(const char *)
sub_2D3D0 char *__fastcall(int)
sub_2D400 unsigned int __fastcall(int, int)
sub_2D464 void __fastcall __spoils<>(P_TypeA4 a1)
sub_2D480 int __fastcall(int, char)
sub_2D4C4 void __fastcall __spoils<>(P_TypeA4 result)
sub_2D4D0 unsigned int __fastcall(_DWORD *, __int16, int, int)
sub_2D528 void __fastcall(int, int)
sub_2D79C void __fastcall(int)
sub_2D99C int __fastcall(int, unsigned int count, int)
sub_2D9C4 int __fastcall(int)
sub_2D9FC int __fastcall(int, char)
sub_2DA60 int __fastcall(int result)
sub_2DA68 int __fastcall(T_TypeA1 *)
sub_2DA80 void *__fastcall(int, __int16)
sub_2DAC8 unsigned int __fastcall(int, __int16, __int16, int)
sub_2DB54 int __fastcall(int result, __int16, __int16)
sub_2DBE4 unsigned int __fastcall(int, int, int)
sub_2DCA0 int __fastcall(int result, __int16)
sub_2DD70 int __fastcall(int)
sub_2DDB8 unsigned int __fastcall(int, __int16)
sub_2DE68 unsigned int __fastcall(int, __int16, int, int)
sub_2E084 void __fastcall(int)
sub_2E1B4 int __fastcall(int, unsigned int count, int)
sub_2E208 
sub_2E248 T_TypeA2 *__fastcall(T_TypeA2 *)
sub_2E264 int __fastcall(int, char)
sub_2E2B8 int __fastcall(int)
sub_2E3BC int __fastcall(T_TypeA1 *)
sub_2E3D4 unsigned int __fastcall(int, __int16, signed int, signed int)
sub_2E6C0 void __fastcall(int)
sub_2E868 void __fastcall(int, int)
sub_2E9CC int __fastcall(int, char)
sub_2EA8C int __fastcall(int, const char *, __int16, int)
sub_2EC50 unsigned int __fastcall(int, unsigned __int16, int)
sub_2ECA4 int __fastcall(int, unsigned __int16)
sub_2ECDC int __fastcall(int result, unsigned __int16)
sub_2ED14 int __fastcall(int, unsigned __int16)
sub_2ED4C int __fastcall(int)
sub_2EDC8 void __fastcall(int, unsigned int, unsigned int)
sub_2F090 void __fastcall(int, unsigned int, unsigned int, __int16)
sub_2F1C8 int __fastcall(int result, int)
sub_2F1D8 int __fastcall(int result, int)
sub_2F1E0 void __fastcall(int)
sub_2F228 int __fastcall(int, size_t, int)
sub_2F2B4 void __fastcall(int)
sub_2F2F4 T_TypeA2 *__fastcall(T_TypeA2 *result)
sub_2F30C int __fastcall(int, char)
sub_2F354 void __fastcall(int)
sub_2F414 int __fastcall(int)
sub_2F420 int __fastcall(int, __int16, int, int)
sub_2F424 unsigned int __fastcall(int, __int16, int, int)
sub_2F478 int __fastcall(int, __int16, int, int)
sub_2F48C T_TypeA2 *__fastcall(T_TypeA2 *)
sub_2F4A8 int __fastcall(int, char)
sub_2F4EC int __fastcall(int result)
sub_2F540 void __fastcall(int)
sub_2F6B0 unsigned int __fastcall(int, __int16, char, unsigned int)
sub_2F8A4 int __fastcall(int, int)
sub_2F8F8 char __usercall@<al>(int@<eax>, __int16@<dx>, char@<bl>, int@<edi>)
sub_2F9A4 int __fastcall(int, const char *, __int16)
sub_2FA18 void __fastcall __spoils<>(P_TypeA3 a1)
sub_2FA34 int __fastcall(int, char)
sub_2FA78 void __fastcall __spoils<>(P_TypeA3 result)
sub_2FA98 void __fastcall(int)
sub_2FBA4 void __fastcall(int, int)
sub_2FC3C int __fastcall(int)
sub_2FC50 void __fastcall __spoils<>(P_TypeA2 a1)
sub_2FC68 int __fastcall(int, char)
sub_2FCB0 int __fastcall(_DWORD *, char *, char *)
sub_2FD68 unsigned int __fastcall(int, __int16, int, int)
Q_HELPWIN_CPP_FgetsLine_sub_2FE58 void __fastcall(FILE *fp, char *line)
sub_3067B 
sub_306F0 
sub_30774 void __fastcall(int)
sub_30A90 int __fastcall(T_Type5 *, int edx0, int, int)
sub_31158 int __fastcall(_DWORD *, int, int, int)
sub_31200 T_TypeA2 *__fastcall(T_TypeA2 *result)
sub_3121C int __fastcall(int, char)
sub_31268 unsigned int __fastcall(int, unsigned __int16, int, int)
sub_3160C void __fastcall(int)
sub_316A8 T_Type1 *__fastcall(int, int)
sub_317D0 int __fastcall(int)
sub_318A0 int __fastcall(unsigned __int16, unsigned __int8)
sub_31934 unsigned __int8 __fastcall(int)
sub_31A34 int __fastcall(unsigned __int16, char)
sub_31B08 int __spoils<>()
sub_31C18 int __fastcall(int result, int)
sub_31E60 char __fastcall(const char *, int)
sub_31FB0 int __fastcall(_DWORD *, const char *, int, int)
sub_3201C void __fastcall __spoils<>(P_TypeA7 a1)
sub_32038 int __fastcall(int, char)
sub_3207C void __fastcall __spoils<>(P_TypeA7 result)
sub_320B8 unsigned int __fastcall(int, __int16, int, int)
sub_32414 void __fastcall(int)
sub_32658 void *__fastcall(int)
sub_32714 int __fastcall(int, int, __int16)
sub_32800 int __fastcall(int, int)
sub_32A1C int __fastcall(int)
sub_32A48 __int64 __fastcall(int, int, __int16, int, int)
sub_32B44 __int64 __fastcall(int, int, __int16)
sub_32BDC __int64 __fastcall(int, char)
sub_32C14 __int64 __fastcall(int, char)
sub_32E84 int __fastcall __spoils<>(int, int, int, int)
sub_32FD8 int __fastcall(int, FILE *, int)
sub_330DC unsigned int __fastcall(T_Type5 *, unsigned __int8 *)
sub_33598 void __fastcall __spoils<>(P_TypeA4 a1)
sub_335B4 int __fastcall(int, char)
sub_335F8 void __fastcall __spoils<>(P_TypeA4 result)
sub_33604 unsigned int __fastcall(int, __int16, int, int)
sub_33674 void __fastcall(int)
sub_33830 void __fastcall __spoils<>(P_TypeA6 a1)
sub_33840 int __fastcall(int, char)
sub_33884 int __fastcall(_DWORD *, int, int, int)
sub_338DC unsigned int __fastcall(int, __int16, int, int)
sub_33A68 unsigned int __fastcall(int)
sub_33AF0 __int16 __fastcall(int, unsigned __int16, unsigned __int16, int)
sub_33D30 FILE *()
sub_3407C int __fastcall(int)
sub_3420C void __fastcall(int)
sub_34368 unsigned int __fastcall(int, unsigned __int8, unsigned __int16)
sub_34774 int __fastcall(int result, unsigned __int8, int, int)
sub_347CC int __fastcall(int, unsigned __int8)
sub_34A44 unsigned __int16 __fastcall(int, _DWORD *, _DWORD *, _DWORD *)
sub_34AE4 int __fastcall(int, unsigned __int8, int)
sub_34B0C unsigned int __fastcall(int, int, unsigned __int8, unsigned __int8)
sub_34E70 unsigned __int16 __fastcall(int)
sub_352E0 int __fastcall(int)
sub_3583C __int16 __fastcall(int, unsigned __int16, unsigned __int8)
sub_358BC int __fastcall(int)
sub_358F0 int __fastcall(int)
sub_35930 int __fastcall(int, char)
sub_35968 int __fastcall(int, int, int)
sub_35A00 unsigned int __fastcall(int, unsigned __int16)
sub_35A70 char *__fastcall(int, unsigned __int16)
sub_35B04 unsigned __int16 __fastcall(int, unsigned __int16, int)
sub_35BB4 unsigned int __fastcall(int, int)
sub_35C38 unsigned int __fastcall(int, int)
sub_35DA4 char __fastcall(int)
sub_35E24 char __fastcall __spoils<ah>(int)
sub_35ED8 int __fastcall(int)
sub_35FE0 int __fastcall(int)
sub_36050 void __fastcall(int)
sub_360D8 void __fastcall(int)
sub_36158 void __fastcall(int)
sub_361B8 unsigned int __fastcall(int)
sub_3623C unsigned int __fastcall(int)
sub_362C8 int __fastcall(int, _DWORD *)
sub_362E0 unsigned int __fastcall(int)
sub_3636C void __fastcall(int, int)
sub_363B0 int __fastcall(int)
sub_364B4 int __fastcall(int, __int16)
sub_366C8 __int64 __fastcall(__int64 result, _DWORD *, _DWORD *, _DWORD *)
sub_3676C int __fastcall(int, int)
sub_36A5C __int16 __fastcall(int, int, __int16)
sub_36CD4 unsigned int __fastcall(int, unsigned __int16, int *)
sub_37040 unsigned __int16 __fastcall(int)
sub_370B8 unsigned int __fastcall(int, unsigned int count, int)
sub_372B0 T_TypeA2 *__fastcall(T_TypeA2 *, int, int, int)
sub_372CC int __fastcall(int, char)
sub_37310 int __fastcall(int, int, int, int)
sub_37380 int __fastcall(int, int)
sub_373E0 int __fastcall(int, int)
sub_3745C int __fastcall(T_Type5 *, unsigned __int8 *, int, int)
sub_37568 unsigned int __fastcall(int, unsigned __int16, int, unsigned int)
sub_384B0 void __fastcall(int)
sub_39390 char __fastcall(int, unsigned __int8, __int16 *, _WORD *)
sub_393F4 __int16 __fastcall(int, unsigned __int16, _WORD *, _WORD *)
sub_394BC char *__fastcall(int)
sub_395C4 int __fastcall(int, unsigned int count, int)
sub_395EC void __fastcall __spoils<>(P_TypeA2 result)
sub_395FC int __fastcall(int, char)
sub_39644 unsigned int __fastcall(int, __int16, int, int)
sub_396F0 void __fastcall(int, int)
sub_39D80 T_TypeA2 *__fastcall(T_TypeA2 *)
sub_39D9C int __fastcall(int, char)
sub_39DE0 char *()
sub_39E3C unsigned int __fastcall(int, __int16 dx0, int, int)
sub_3A6BC void __fastcall(int)
sub_3B120 int __fastcall(int)
sub_3B188 int __fastcall(int result)
sub_3B1FC int __fastcall(_BYTE *, char, __int16)
sub_3B220 char __fastcall(int, int, int, int)
sub_3B56C int __fastcall(unsigned __int8 *, __int16 *)
sub_3B5B8 void __fastcall(unsigned __int8 *)
sub_3C12C unsigned int __fastcall(unsigned __int8 *, _DWORD *)
sub_3C1C0 char __fastcall(unsigned __int8 *, int *, int)
sub_3C2E8 int __fastcall(unsigned __int8 *, int, int)
sub_3C670 char __fastcall(_BYTE *)
sub_3C968 int __fastcall(int)
sub_3CB60 int __fastcall(unsigned __int8 *, int, unsigned __int8)
sub_3CCE4 unsigned int __fastcall(_BYTE *, int)
sub_3D8F0 char __usercall@<al>(_BYTE *@<eax>, int@<edx>, int@<edi>)
sub_3E020 unsigned int __fastcall(int, int, unsigned __int8)
sub_3E1CC int __fastcall(int, int)
sub_3E520 unsigned int __fastcall(int, int)
sub_3E800 int __fastcall(_BYTE *, unsigned __int16 *)
sub_3EA7C __int16 __fastcall(_BYTE *)
sub_3EBDC char __fastcall(int, int)
sub_3EFE0 size_t __fastcall(int)
sub_3F060 __int16 __fastcall(unsigned __int8 *, _DWORD *, int, unsigned __int8)
sub_3F324 unsigned int __fastcall(int, char, char, char, int, char, _DWORD *, unsigned __int8)
sub_3F3F8 unsigned int __fastcall(unsigned __int8 *, char, char, char, char, char, _DWORD *, unsigned __int8)
sub_3F784 unsigned int __fastcall(int, char, char, char, char, char, _DWORD *, unsigned __int8)
sub_3FBAC unsigned int __fastcall(int, char, char, char, char, char, _DWORD *, unsigned __int8)
sub_40084 int __fastcall(int, _DWORD *, int, char)
sub_40144 char *__fastcall(unsigned __int8 *, int)
compar int __fastcall(const void *, const void *)
sub_40224 size_t __fastcall(unsigned __int8 *, _DWORD *, _DWORD *)
sub_402E0 int __fastcall(_BYTE *)
sub_403C0 int __fastcall(unsigned __int8 *, int)
sub_40590 int __fastcall(_BYTE *)
sub_405F4 unsigned int __fastcall(_BYTE *)
sub_40664 int __fastcall(_BYTE *)
sub_406C4 int __fastcall(unsigned __int8 *, __int16 *, int)
sub_41268 int __userpurge@<eax>(unsigned __int8 *@<eax>, __int16@<dx>, int@<ecx>, int@<ebx>, int@<ebp>, int, __int16, int, int, int, int, int)
sub_43184 unsigned int __fastcall(int, int, int)
sub_43374 char __fastcall(unsigned __int8 *, int)
sub_433E0 unsigned int __fastcall(int, __int16, int)
sub_434E4 int __fastcall(char *, int)
sub_43B7C int __fastcall(int, __int16)
sub_43BDC __int64 __fastcall(int, unsigned int, int)
sub_43C80 int __fastcall(int, int, int, int)
sub_44024 unsigned int __fastcall(_BYTE *, char)
sub_44080 char *__fastcall(unsigned __int8 *)
sub_44238 int __fastcall(int, __int16, _BYTE *, __int16)
sub_44434 char __fastcall(unsigned __int8 *, __int16, _DWORD *)
sub_44A2C int __fastcall(_BYTE *, int, char, _BYTE *)
sub_44BCC char __fastcall(int, __int16 *, char, int, int *)
sub_450B0 char __fastcall(unsigned __int8 *, __int16, char, char, int, int)
sub_45848 int __usercall@<eax>(unsigned __int8 *@<eax>, int@<edx>, int@<ebx>, __int16 *@<edi>)
sub_45958 int __fastcall(unsigned __int8 *, char, __int16 *, _DWORD *)
sub_45A0C int __fastcall(_BYTE *, int, int, __int16)
sub_45A54 unsigned int __fastcall(unsigned __int8 *, int, int)
sub_45D50 unsigned int __fastcall(unsigned __int8 *, int, int)
sub_45E64 unsigned int __fastcall(_BYTE *, __int16)
sub_45F60 void __fastcall(_BYTE *, __int16, int)
sub_46034 unsigned int __fastcall(_BYTE *, __int16)
sub_46130 void __fastcall(_BYTE *, __int16, int)
sub_46208 unsigned int __fastcall(_BYTE *, __int16)
sub_46304 int __fastcall(_BYTE *, __int16, int)
sub_46470 _WORD *()
sub_46480 _WORD *__fastcall(int, const char *)
sub_466FC int __fastcall(unsigned int)
sub_468BC unsigned int __fastcall(unsigned int result)
sub_46900 unsigned int __fastcall(char *, char)
sub_4694C unsigned int __fastcall(int, unsigned __int16, __int16)
sub_469F0 int __fastcall(int, unsigned __int16)
sub_46A94 __int16 __fastcall(unsigned __int16 *, unsigned __int16, int)
sub_46BB0 int __fastcall(_WORD *, unsigned int count, int)
sub_46C00 
sub_46C10 int __fastcall(int)
sub_46C20 int __fastcall(int, int, int)
sub_46C48 void *__fastcall(int, char)
sub_46CAC int __fastcall(int, int, int, int)
sub_47088 int __fastcall(int)
sub_47224 unsigned int __fastcall(int, unsigned __int16, int, unsigned int)
sub_47A64 int __fastcall(const void *, const void *)
sub_47ABC __int16 __fastcall(int)
sub_48B14 int __fastcall(int, unsigned int count, int)
sub_48B40 int __fastcall(T_TypeA2 *, int, int, int)
sub_48B90 _DWORD *__fastcall(_DWORD *)
sub_48C58 int __cdecl(_DWORD)
sub_48C5C int __fastcall(int, char)
sub_48C84 int()
sub_48EAC int __fastcall(int result)
sub_49148 int __fastcall(int, char)
sub_492AC unsigned int __fastcall(_DWORD *, char, int)
sub_492F8 unsigned int __fastcall(_DWORD *, int)
sub_49328 unsigned int __fastcall(int, char)
sub_4937C unsigned int __fastcall(int, char)
sub_493BC void __fastcall(int, char)
sub_49494 int __fastcall(int, float *)
sub_4960C unsigned int __fastcall(int, int)
sub_49648 unsigned int __fastcall(int, __int16 **)
sub_496BC int __fastcall(int, _DWORD *)
sub_496E0 void __fastcall(_DWORD *)
sub_49828 int __fastcall(int)
sub_49940 __int16 __fastcall(int)
sub_49A40 int __fastcall(int, int)
sub_49A8C char *__fastcall(int, char *)
sub_49B3C int __fastcall(int, int)
sub_49B68 int __fastcall(int, int)
sub_49CC4 int __fastcall(int, int)
sub_4A0D0 int __fastcall(int, int)
sub_4A144 int __fastcall(int)
sub_4A18C int __fastcall(int)
sub_4A1CC int __fastcall(int, __int16)
sub_4A36C char __fastcall(int, char, __int16)
sub_4A404 int __fastcall(int, char)
sub_4A480 _BYTE *__fastcall(int, unsigned __int16, int)
sub_4A534 unsigned int __fastcall(int, char)
sub_4A564 unsigned int __fastcall(int)
sub_4A5B8 int __fastcall(int result)
sub_4A6AC int __fastcall(int, int, int, int)
sub_4A8CC int __fastcall __spoils<>(int)
sub_4A8FC int __fastcall(int)
sub_4A988 int __fastcall(int)
sub_4AA78 int __fastcall(int, int)
sub_4AAEC int __fastcall(int, int)
sub_4AE8C __int64 __fastcall(int, unsigned int, int)
sub_4B5C0 int __fastcall(int result, int)
sub_4B5E0 int __fastcall(_DWORD *, int)
sub_4B780 int __fastcall(int result, int)
sub_4B7A0 int __fastcall(int, int, int, __int16)
sub_4B944 int __fastcall(int, int)
sub_4C7FC int __fastcall(int, int)
sub_4CAB8 int __fastcall(int, int)
sub_4CDF8 int __fastcall(int, int)
sub_4D700 _DWORD *()
sub_4D724 int __fastcall(T_Type5 *, int, int, int)
sub_4D7A8 unsigned int __fastcall(int, int, int)
sub_4D92C char *__fastcall(int)
sub_4DA08 void *__fastcall(int, char, int, int)
sub_4DA5C int __fastcall(int result)
sub_4DA7C int __fastcall(int, int, int, int)
sub_4DD14 char __fastcall(int)
sub_4DDB0 unsigned int __fastcall(int, __int16, int, int)
sub_4E644 int __fastcall(int result, char, int, int)
sub_4E69C unsigned int __fastcall(int)
sub_4E758 void __fastcall(_DWORD *)
sub_4EE00 int __fastcall(int)
sub_4EE50 char *()
sub_4EE74 char *__fastcall(int)
sub_4EF94 int __fastcall(int)
Q_StartSoundSystem_sub_4EFB0 LONG __fastcall(int a1, int aDIG, int aMID)
sub_4F088 HMDIDRIVER __fastcall(char *path, char *, char *, char *)
sub_4F184 int __fastcall(int, int)
sub_4F32C void __fastcall(int, __int16, int)
sub_4F45C void __fastcall(int, __int16)
sub_4F4D4 void __fastcall(int, __int16)
sub_4F534 HDIGDRIVER __fastcall(_DWORD *, char *, char *)
sub_4F5E8 int __fastcall(int, int)
sub_4F65C int __fastcall(int, const char *)
sub_4F8CC unsigned int __fastcall(int, __int16, int)
sub_4FA1C int __fastcall(int result)
sub_4FAB4 void __fastcall(int)
sub_4FB90 int __fastcall(int result, __int16)
sub_4FE8C void __fastcall(int result)
sub_4FF08 void __fastcall __spoils<>(int a1)
sub_4FF1C void __fastcall __spoils<>(int result)
sub_4FF28 void __fastcall __spoils<>(int result)
sub_4FF4C void __fastcall(int, char)
sub_4FF94 int __fastcall(_DWORD *)
sub_50140 int __fastcall(int, __int16)
sub_50530 unsigned __int16 __fastcall(T_Type5 *, int, int, int)
sub_50D70 unsigned int __fastcall(_DWORD *, int, int, int)
sub_51610 unsigned int __fastcall(T_Type5 *, int, int, int)
sub_51674 T_TypeA2 *__fastcall(T_TypeA2 *)
sub_51690 int __fastcall(int, char)
sub_516D4 int __fastcall(int result)
sub_516E0 void __fastcall(_DWORD *)
sub_51894 unsigned int __fastcall(int, __int16, __int16, int)
sub_51B64 T_TypeA2 *__fastcall(T_TypeA2 *)
sub_51B80 int __fastcall(int, char)
sub_51BC4 void __fastcall(_DWORD *)
sub_51D24 unsigned int __fastcall(int, __int16, int, int)
sub_520EC T_TypeA2 *__fastcall(T_TypeA2 *)
sub_52108 int __fastcall(int, char)
sub_5214C int __fastcall(int result)
sub_52174 int __fastcall(int)
sub_521C0 void __fastcall(int, int edx0)
sub_526D8 unsigned int()
sub_52714 int __fastcall(int)
sub_5294C unsigned int __fastcall(int, __int16 dx0, int, int)
sub_53000 void __fastcall(float *)
sub_53054 void __fastcall(float *, float)
sub_53078 unsigned int __fastcall(_DWORD *)
sub_5309C double __fastcall(float *, float *)
sub_53114 float *__fastcall(float *result, float *)
sub_5323C int __fastcall(int result, float)
sub_532AC float *__fastcall(float *result, float)
sub_53318 float *__fastcall(float *result, float)
sub_53384 float *__fastcall(float *result, float *, float *)
sub_533D4 int __fastcall(float *, float, int, int, int, int)
sub_53440 int __fastcall(float *)
sub_5353C void __fastcall(float *, int, int, int, int)
sub_53564 void __fastcall(float *, int, int, int, int)
sub_5358C void __fastcall(float *, int, int, int, int)
sub_535B4 void __fastcall(float *, int, int, int, int)
sub_535E4 void __fastcall(float *, int, int, int, int)
sub_53644 void __fastcall(float *, int, int, int)
sub_53754 void __fastcall(float *, int, int, int)
sub_53864 void __fastcall(float *, int, int, int)
sub_53B08 float *__fastcall(float *result, float *, float *, float *)
sub_53D22 __int16 __usercall@<ax>(__int16)
sub_53DC0 int __fastcall(int, int, int)
Q_Timer_sub_53DE4 void __cdecl(ULONG user)
Q_CheckFreeMemory_sub_53DEC int()
sub_53E38 unsigned int __fastcall(P_Type5 a1, int a2, int a3, __int16 a4)
sub_53EB8 unsigned int __fastcall(P_Type5 a1, int a2, int a3, int a4, int a5, __int16 a6)
sub_53F40 unsigned int __fastcall(T_Type5 *, int, int, int, int, char)
sub_53FB0 T_Type1 *__fastcall(const char *, int, int, int)
sub_54048 void __fastcall(const char *, int, int, int)
sub_54208 unsigned int __fastcall __spoils<>(int, int, int, int)
sub_542B0 unsigned int __fastcall(_DWORD *, int, int, int *)
sub_54344 int __fastcall(int, int, int)
sub_54374 char *__fastcall(int)
sub_54448 void *__fastcall(int)
sub_545EC unsigned int __fastcall(P_Type3 a1)
sub_54664 void __fastcall(int)
sub_5469C int __fastcall(P_Type3 a1, int a2, int a3, int a4)
sub_54D64 unsigned int __fastcall(int, int, int)
sub_5508C unsigned int __fastcall(P_Type3 a1)
sub_55214 void __fastcall(int eax0, int, int, int, int)
sub_55274 void __fastcall(P_Type3 a1, int x1, int y1, int x2, int y2)
sub_552CC void __fastcall(P_Type3 a1, P_Type5 a2)
sub_552F8 int __fastcall(unsigned int, int, int)
sub_55618 unsigned int __fastcall(unsigned int result, int)
sub_556CC int __fastcall(int, int)
sub_557D4 const char *__fastcall(T_Type3 *eax0, char *s2, const char *, __int16)
sub_55AEC unsigned int __fastcall(int, __int16, int, int)
sub_55B74 char __fastcall(int)
sub_55E80 __int16 __fastcall(int)
sub_56400 void __fastcall(T_Type3 *, int, __int16, int, int, int)
sub_564C0 void __fastcall(T_Type3 *, int, __int16)
sub_56528 int __fastcall(int, int, __int16)
sub_56564 unsigned int __fastcall(int, int, __int16, int)
sub_56694 int __fastcall(int)
sub_56728 void __fastcall(int, int, int, __int16, int, int)
sub_567BC void __fastcall(int, int, __int16)
sub_56824 void __fastcall(int)
sub_5691C int __fastcall(int result)
sub_56B60 int __fastcall(int, __int16, int, int)
sub_56BE8 int __fastcall(int result, __int16, int, int, int)
sub_56D30 int __fastcall(int, int, int, int, int)
sub_56D70 int __fastcall(int, char *, __int16, int, int)
sub_56DA8 int __fastcall(int, char *s1, _WORD *)
sub_56E18 int __fastcall(int, char *s1, __int16, _WORD *)
sub_56E9C P_Type3 __fastcall(P_Type3 a1, __int16 a2, int a3)
sub_570AC int __fastcall(int, int)
sub_571B8 int __fastcall(P_Type3 a1, P_TypeA1 a2)
sub_57220 unsigned int __fastcall(int, int, __int16)
sub_57310 unsigned int __fastcall(int, int, __int16, int)
sub_5748C unsigned int __fastcall(int, __int16, __int16)
sub_574F0 int __fastcall(P_Type3 a1, __int16 a2, int a3)
sub_57510 int __fastcall(int, __int16, int)
sub_57530 int __fastcall(int result, int, int)
sub_575BC FILE *__fastcall(P_Type3)
Q_WINMGR_CPP_sub_57670 FILE *__fastcall(P_Type3 a1, const char *a2)
sub_59828 T_Type1 *__fastcall(int, int, int, int)
sub_5989C void __fastcall(P_Type3 a1, int a2, int a3, int a4)
sub_59908 int __fastcall(int result)
sub_59934 void __fastcall(T_Type3 *a1, int a2, int a3)
sub_59988 unsigned int __fastcall(P_Type3, char *, int)
sub_59A54 int __fastcall(int result)
sub_59B80 void __fastcall(int)
sub_59C80 void __fastcall(T_Type3 *, int, __int16, __int16, int, int, int)
sub_59CFC unsigned int __fastcall(int, const char *)
sub_59DE0 void __fastcall(int, int, int, int)
sub_59E88 char *__fastcall(T_Type3 *a1, char *a2, char *filename)
Q_WINMGR_CPP_sub_5A094 void __fastcall(P_Type3 a1, void *aData, int a3, char *a4)
Q_WINMGR_CPP_sub_5A144 void __fastcall(P_Type3 a1, void *a2)
sub_5A194 char *__fastcall(int, int, _DWORD *, _DWORD *)
sub_5A270 void __fastcall(T_Type3 *a1, int a2, int a3, int a4)
sub_5A294 void __fastcall(_DWORD *)
sub_5A320 unsigned int __fastcall(__int16)
sub_5A47C int __fastcall(T_Type5 *, const char *, int, int)
sub_5A4E4 unsigned int __fastcall(_DWORD *, int, int, int)
sub_5A594 T_TypeA2 *__fastcall(T_TypeA2 *result)
sub_5A5AC int __fastcall(int, char)
sub_5A5F4 int __fastcall(T_TypeA1 *)
sub_5A60C unsigned int __fastcall(int, __int16, __int16, int)
sub_5AA08 void __fastcall(int)
sub_5AB04 int __fastcall(const char **, const char **)
sub_5AB2C void __fastcall(int, int)
sub_5AE68 int __fastcall(int, int)
sub_5AF30 unsigned int __fastcall(int, int)
sub_5B200 int __fastcall(int, int)
sub_5B244 int __fastcall(int result, int)
sub_5B2B0 int __fastcall(int, char)
sub_5B2F0 T_TypeA2 *__fastcall(T_TypeA2 *result)
sub_5B300 int __fastcall(int, char)
sub_5B340 T_TypeA2 *__fastcall(T_TypeA2 *result)
sub_5B50C BOOL __fastcall(_DWORD *, _DWORD *)
sub_5B617 _DWORD *__fastcall(size_t)
sub_5B71C unsigned int __fastcall(int)
sub_5B7C2 unsigned int __fastcall(_DWORD *a1, int a2, int x1, int y1, int x2, int y2)
sub_5BA38 unsigned int __fastcall(_DWORD *)
sub_5BAC0 int __fastcall(_DWORD *, int)
sub_5BBE4 char *__fastcall(void **, char *, int)
sub_5BDDC void __fastcall(void *)
VFX_driver_name BYTE *__cdecl(void *VFXScanDLL)
VFX_register_driver LONG __cdecl(void *DLLbase)
VFX_pixel_write LONG __cdecl(PANE *pane, LONG x, LONG y, ULONG color)
VFX_pixel_read LONG __cdecl(PANE *pane, LONG x, LONG y)
VFX_line_draw LONG __cdecl(PANE *pane, LONG x0, LONG y0, LONG x1, LONG y1, LONG mode, LONG parm)
VFX_rectangle_hash LONG __cdecl(PANE *pane, LONG x0, LONG y0, LONG x1, LONG y1, ULONG color)
VFX_shape_draw void __cdecl(PANE *pane, void *shape_table, LONG shape_number, LONG hotX, LONG hotY)
DrawShapeUnclipped void __cdecl(PANE *panep, void *shape, int hotX, int hotY)
VFX_shape_lookaside void __cdecl(UBYTE *table)
VFX_shape_translate_draw void __cdecl(PANE *pane, void *shape_table, LONG shape_number, LONG hotX, LONG hotY)
XlatShapeUnclipped int __cdecl(PANE *panep, void *shape, int hotX, int hotY)
VFX_shape_transform void __cdecl(PANE *pane, void *shape_table, LONG shape_number, LONG hotX, LONG hotY, void *buffer, LONG rot, LONG x_scale, LONG y_scale, LONG flags)
VFX_shape_visible_rectangle void __cdecl(void *shape_table, LONG shape_number, LONG hotX, LONG hotY, LONG mirror, LONG *rectangle)
VFX_shape_scan LONG __cdecl(PANE *pane, ULONG transparentColor, LONG hotX, LONG hotY, void *buffer)
VFX_shape_remap_colors void __cdecl(void *shape_table, ULONG shape_number)
ScanLine void __cdecl(int count, BYTE background)
FlushPacket void __cdecl __spoils<edx>(int packetType, int keep)
VFX_pane_wipe LONG __cdecl(PANE *pane, LONG color)
VFX_pane_copy LONG __cdecl(PANE *source, LONG sx, LONG sy, PANE *target, LONG tx, LONG ty, LONG fill)
VFX_ellipse_draw void __cdecl(PANE *pane, LONG xc, LONG yc, LONG width, LONG height, LONG color)
VFX_ellipse_fill void __cdecl(PANE *pane, LONG xc, LONG yc, LONG width, LONG height, LONG color)
VFX_Cos_Sin void __cdecl(LONG Angle, FIXED16 *Cos, FIXED16 *Sin)
VFX_fixed_mul void __cdecl(FIXED16 M1, FIXED16 M2, FIXED16 *result)
VFX_point_transform void __cdecl(POINT *in, POINT *out, POINT *origin, LONG rot, LONG x_scale, LONG y_scale)
VFX_font_height LONG __cdecl(void *font)
VFX_character_width LONG __cdecl(void *font, LONG character)
VFX_character_draw LONG __cdecl(PANE *pane, LONG x, LONG y, void *font, LONG character, UBYTE *color_translate)
VFX_string_draw void __cdecl(PANE *pane, LONG x, LONG y, void *font, char *string, UBYTE *color_translate)
VFX_line_to_pane void __cdecl(PANE *pane, int y, UBYTE *line_buffer, LONG length)
find_ILBM_property _BYTE *__cdecl(char *property_title, UBYTE *ILBM_buffer)
VFX_ILBM_draw LONG __cdecl(PANE *pane, UBYTE *ILBM_buffer)
VFX_ILBM_palette void __cdecl(UBYTE *ILBM_buffer, RGB *palette)
VFX_ILBM_resolution LONG __cdecl(UBYTE *ILBM_buffer)
VFX_PCX_draw void __cdecl(PANE *pane, UBYTE *PCX_buffer)
VFX_PCX_palette void __cdecl(UBYTE *PCX_buffer, LONG PCX_file_size, RGB *palette)
VFX_PCX_resolution LONG __cdecl(UBYTE *PCX_buffer)
GIF_init_codetable int __usercall@<eax>(int@<ecx>, _DWORD *@<edi>)
GIF_getb int __usercall@<eax>(int@<edi>, unsigned __int8 *@<esi>)
GIF_getbcode int __usercall@<eax>(int@<edx>, int@<edi>, unsigned __int8 *@<esi>)
GIF_insertcode void __usercall(int code@<edi>, int oldcode@<ecx>)
GIF_dopixel void __usercall(int pixel_value@<eax>, int a2@<edi>)
VFX_GIF_draw LONG __cdecl(PANE *pane, UBYTE *GIF_buffer, void *GIF_scratch)
VFX_GIF_palette void __cdecl(UBYTE *GIF_buffer, RGB *palette)
VFX_GIF_resolution LONG __cdecl(UBYTE *GIF_buffer)
VFX_shape_bounds LONG __cdecl(void *shape_table, LONG shape_num)
VFX_shape_origin LONG __cdecl(void *shape_table, LONG shape_num)
VFX_shape_resolution LONG __cdecl(void *shape_table, LONG shape_num)
VFX_shape_minxy LONG __cdecl(void *shape_table, LONG shape_num)
VFX_shape_palette void __cdecl(void *shape_table, LONG shape_num, RGB *palette)
VFX_shape_colors LONG __cdecl(void *shape_table, LONG shape_num, CRGB *colors)
VFX_shape_set_colors LONG __cdecl(void *shape_table, LONG shape_number, CRGB *colors)
VFX_shape_count LONG __cdecl(void *shape_table)
VFX_shape_list LONG __cdecl(void *shape_table, ULONG *index_list)
VFX_shape_palette_list LONG __cdecl(void *shape_table, ULONG *index_list)
VFX_pixel_fade LONG __cdecl(PANE *panep, PANE *destination, LONG pixel_count, LONG rnd)
VFX_window_fade void __cdecl(WINDOW *buffer, RGB *palette, LONG intervals)
VFX_color_scan LONG __cdecl(PANE *pane, ULONG *colors)
sub_61800 int __cdecl(_DWORD *, int, int)
sub_62DA5 int __cdecl(_DWORD *, int, int, int)
MOUSE_draw void __fastcall()
MOUSE_restore_area void __fastcall()
MOUSE_exclude_area void __fastcall static(LONG x0, LONG y0, LONG x1, LONG y1)
MOUSE_install_handler LONG static(void)
MOUSE_remove_handler int __fastcall()
MOUSE_lock void(void)
MOUSE_unlock void(void)
MOUSE_hold void(void)
MOUSE_release void(void)
MOUSE_visible_area LONG __fastcall(RECT *area)
MOUSE_shape_in_area LONG __fastcall(RECT *area)
MOUSE_show void(void)
MOUSE_hide void(void)
MOUSE_set_pointer void __fastcall(void *table, LONG shape)
MOUSE_status void __fastcall(LONG *mx, LONG *my, LONG *ml, LONG *mr, LONG *mc)
MOUSE_force_move void __fastcall(LONG new_x, LONG new_y)
MOUSE_register_mouse_event_callback void __fastcall(void (__cdecl *fn)(LONG x, LONG y))
MOUSE_register_button_event_callback void __fastcall(void (__cdecl *fn)(LONG left, LONG right, LONG center))
MOUSE_register_watchdog_callback void __fastcall(LONG (__cdecl *fn)(RECT *area))
MOUSE_serve void __cdecl()
MOUSE_window_refresh void __fastcall(WINDOW *target, LONG x0, LONG y0, LONG x1, LONG y1)
MOUSE_pane_refresh void __fastcall(PANE *target, LONG x0, LONG y0, LONG x1, LONG y1)
MOUSE_pane_list_refresh void __fastcall(PANE_LIST *list)
MOUSE_init LONG __fastcall(LONG xsize, LONG ysize, LONG background)
MOUSE_shutdown void(void)
DLL_read void *__cdecl static(ULONG src, ULONG srcoff, ULONG flags, void *dest, ULONG length)
MEM_use_malloc void *(__fastcall *__cdecl(void *(__fastcall *a1)(size_t size)))(size_t size)
MEM_use_free void (__fastcall *__cdecl(void (__fastcall *a1)(void *ptr)))(void *ptr)
MEM_alloc_lock void *__cdecl(ULONG len)
MEM_free_lock void __cdecl(void *ptr, ULONG size)
MEM_alloc_DOS LONG __cdecl(ULONG n_paras, void **protected_ptr, ULONG *segment_far_ptr, ULONG *selector)
MEM_free_DOS void __cdecl(void *protected_ptr, ULONG segment_far_ptr, ULONG selector)
VMM_lock_range LONG __cdecl(void *p1, void *p2)
VMM_unlock_range int __cdecl(void *p1, void *p2)
VMM_lock int __cdecl(void *start, ULONG size)
VMM_unlock int __cdecl(void *start, ULONG size)
DLL_size ULONG __cdecl(void *source, ULONG flags)
DLL_load void *__cdecl(void *source, ULONG flags, void *dll)
FILE_size LONG __cdecl(BYTE *filename)
FILE_read void *__cdecl(BYTE *filename, void *dest)
AILDEBUG_start void __fastcall()
TIME_callback void __fastcall()
TIME_write int __fastcall()
AIL_startup void __cdecl()
AIL_shutdown void __cdecl()
AIL_set_preference LONG __cdecl(ULONG number, LONG value)
AIL_lock void __cdecl()
AIL_unlock void __cdecl()
AIL_get_real_vect REALFAR __cdecl(ULONG vectnum)
AIL_set_real_vect void __cdecl(ULONG vectnum, REALFAR real_ptr)
AIL_set_USE16_ISR void __cdecl(LONG IRQ, REALFAR real_base, ULONG ISR_offset)
AIL_restore_USE16_ISR void __cdecl(LONG IRQ)
AIL_disable_interrupts ULONG __cdecl()
AIL_restore_interrupts void __cdecl(ULONG FD_register)
AIL_call_driver LONG __cdecl(AIL_DRIVER *drvr, LONG fn, VDI_CALL *in, VDI_CALL *out)
AIL_delay void __cdecl(LONG intervals)
AIL_background LONG __cdecl()
AIL_read_INI LONG __cdecl(AIL_INI *INI, BYTE *filename)
AIL_register_timer HTIMER __cdecl(AILTIMERCB callback_fn)
AIL_set_timer_user ULONG __cdecl(HTIMER timer, ULONG user)
AIL_set_timer_period void __cdecl(HTIMER timer, ULONG microseconds)
AIL_set_timer_frequency void __cdecl(HTIMER timer, ULONG hertz)
AIL_set_timer_divisor void __cdecl(HTIMER timer, ULONG PIT_divisor)
AIL_interrupt_divisor ULONG __cdecl()
AIL_start_timer void __cdecl(HTIMER timer)
AIL_start_all_timers void __cdecl()
AIL_stop_timer void __cdecl(HTIMER timer)
AIL_stop_all_timers void __cdecl()
AIL_release_timer_handle void __cdecl(HTIMER timer)
AIL_release_all_timers void __cdecl()
AIL_get_IO_environment IO_PARMS *__cdecl(AIL_DRIVER *drvr)
AIL_install_driver AIL_DRIVER *__cdecl(UBYTE *driver_image, ULONG n_bytes)
AIL_uninstall_driver void __cdecl(AIL_DRIVER *drvr)
AIL_install_DIG_INI LONG __cdecl()
AIL_install_DIG_driver_file HDIGDRIVER __cdecl(BYTE *filename, IO_PARMS *IO)
AIL_uninstall_DIG_driver void __cdecl(HDIGDRIVER dig)
AIL_allocate_sample_handle HSAMPLE __cdecl(HDIGDRIVER dig)
AIL_allocate_file_sample HSAMPLE __cdecl(HDIGDRIVER dig, void *file_image, LONG block)
AIL_release_sample_handle void __cdecl(HSAMPLE S)
AIL_init_sample void __cdecl(HSAMPLE S)
AIL_set_sample_file LONG __cdecl(HSAMPLE S, void *file_image, LONG block)
AIL_set_sample_address void __cdecl(HSAMPLE S, void *start, ULONG len)
AIL_set_sample_type void __cdecl(HSAMPLE S, LONG format, ULONG flags)
AIL_start_sample void __cdecl(HSAMPLE S)
AIL_stop_sample void __cdecl(HSAMPLE S)
AIL_resume_sample void __cdecl(HSAMPLE S)
AIL_end_sample void __cdecl(HSAMPLE S)
AIL_set_sample_playback_rate void __cdecl(HSAMPLE S, LONG playback_rate)
AIL_set_sample_volume void __cdecl(HSAMPLE S, LONG volume)
AIL_set_sample_pan void __cdecl(HSAMPLE S, LONG pan)
AIL_set_sample_loop_count void __cdecl(HSAMPLE S, LONG loop_count)
AIL_sample_status ULONG __cdecl(HSAMPLE S)
AIL_sample_playback_rate LONG __cdecl(HSAMPLE S)
AIL_sample_volume LONG __cdecl(HSAMPLE S)
AIL_sample_pan LONG __cdecl(HSAMPLE S)
AIL_sample_loop_count LONG __cdecl(HSAMPLE S)
AIL_install_DIG_driver_image HDIGDRIVER __cdecl(void *driver_image, ULONG size, IO_PARMS *IO)
AIL_minimum_sample_buffer_size LONG __cdecl(HDIGDRIVER dig, LONG playback_rate, LONG format)
AIL_sample_buffer_ready LONG __cdecl(HSAMPLE S)
AIL_load_sample_buffer void __cdecl(HSAMPLE S, ULONG buff_num, void *buffer, ULONG len)
AIL_set_sample_position void __cdecl(HSAMPLE S, ULONG pos)
AIL_sample_position ULONG __cdecl(HSAMPLE S)
AIL_register_SOB_callback AILSAMPLECB __cdecl(HSAMPLE S, AILSAMPLECB SOB)
AIL_register_EOB_callback AILSAMPLECB __cdecl(HSAMPLE S, AILSAMPLECB EOB)
AIL_register_EOS_callback AILSAMPLECB __cdecl(HSAMPLE S, AILSAMPLECB EOS)
AIL_register_EOF_callback CALLBACK __cdecl(HSAMPLE S, CALLBACK EOFILE)
AIL_set_sample_user_data void __cdecl(HSAMPLE S, ULONG index, LONG value)
AIL_sample_user_data LONG __cdecl(HSAMPLE S, ULONG index)
AIL_active_sample_count LONG __cdecl(HDIGDRIVER dig)
AIL_install_MDI_INI LONG __cdecl()
AIL_install_MDI_driver_file HMDIDRIVER __cdecl(BYTE *filename, IO_PARMS *IO)
AIL_uninstall_MDI_driver void __cdecl(HMDIDRIVER mdi)
AIL_allocate_sequence_handle HSEQUENCE __cdecl(HMDIDRIVER mdi)
AIL_release_sequence_handle void __cdecl(HSEQUENCE S)
AIL_init_sequence LONG __cdecl(HSEQUENCE S, void *start, LONG sequence_num)
AIL_start_sequence void __cdecl(HSEQUENCE S)
AIL_stop_sequence void __cdecl(HSEQUENCE S)
AIL_resume_sequence void __cdecl(HSEQUENCE S)
AIL_end_sequence void __cdecl(HSEQUENCE S)
AIL_set_sequence_tempo void __cdecl(HSEQUENCE S, LONG tempo, LONG milliseconds)
AIL_set_sequence_volume void __cdecl(HSEQUENCE S, LONG volume, LONG milliseconds)
AIL_set_sequence_loop_count void __cdecl(HSEQUENCE S, LONG loop_count)
AIL_sequence_status ULONG __cdecl(HSEQUENCE S)
AIL_sequence_tempo LONG __cdecl(HSEQUENCE S)
AIL_sequence_volume LONG __cdecl(HSEQUENCE S)
AIL_sequence_loop_count LONG __cdecl(HSEQUENCE S)
AIL_install_MDI_driver_image HMDIDRIVER __cdecl(void *driver_image, ULONG size, IO_PARMS *IO)
AIL_set_GTL_filename_prefix void __cdecl(BYTE *prefix)
AIL_timbre_status LONG __cdecl(HMDIDRIVER mdi, LONG bank, LONG patch)
AIL_install_timbre LONG __cdecl(HMDIDRIVER mdi, LONG bank, LONG patch)
AIL_protect_timbre void __cdecl(HMDIDRIVER mdi, LONG bank, LONG patch)
AIL_unprotect_timbre void __cdecl(HMDIDRIVER mdi, LONG bank, LONG patch)
AIL_active_sequence_count LONG __cdecl(HMDIDRIVER mdi)
AIL_controller_value LONG __cdecl(HSEQUENCE S, LONG channel, LONG controller_num)
AIL_channel_notes LONG __cdecl(HSEQUENCE S, LONG channel)
AIL_sequence_position void __cdecl(HSEQUENCE S, LONG *beat, LONG *measure)
AIL_branch_index void __cdecl(HSEQUENCE S, ULONG marker)
AIL_register_prefix_callback CALLBACK __cdecl(HSEQUENCE S, CALLBACK callback)
AIL_register_trigger_callback CALLBACK __cdecl(HSEQUENCE S, CALLBACK callback)
AIL_register_sequence_callback CALLBACK __cdecl(HSEQUENCE S, CALLBACK callback)
AIL_register_event_callback CALLBACK __cdecl(HMDIDRIVER mdi, CALLBACK callback)
AIL_register_timbre_callback CALLBACK __cdecl(HMDIDRIVER mdi, CALLBACK callback)
AIL_set_sequence_user_data void __cdecl(HSEQUENCE S, ULONG index, LONG value)
AIL_sequence_user_data LONG __cdecl(HSEQUENCE S, ULONG index)
AIL_register_ICA_array void __cdecl(HSEQUENCE S, BYTE *array)
AIL_lock_channel LONG __cdecl(HMDIDRIVER mdi)
AIL_release_channel void __cdecl(HMDIDRIVER mdi, LONG channel)
AIL_map_sequence_channel void __cdecl(HSEQUENCE S, LONG seq_channel, LONG new_channel)
AIL_true_sequence_channel LONG __cdecl(HSEQUENCE S, LONG seq_channel)
AIL_send_channel_voice_message void __cdecl(HMDIDRIVER mdi, HSEQUENCE S, LONG status, LONG data_1, LONG data_2)
AIL_send_sysex_message void __cdecl(HMDIDRIVER mdi, void *buffer)
AIL_create_wave_synthesizer HWAVE __cdecl(HDIGDRIVER dig, HMDIDRIVER mdi, void *wave_lib, LONG polyphony)
AIL_destroy_wave_synthesizer void __cdecl(HWAVE W)
AILDEBUG_end void __fastcall()
p1 BOOL()
sub_6BBDA _DWORD *__cdecl(int, char, unsigned int, unsigned __int8)
sub_6BD8F _DWORD *__fastcall(_DWORD *result, int, int)
sub_6BDB8 void __fastcall(int, int)
sub_6BE24 void __fastcall(int, int)
sub_6BF2E 
sub_6BF53 
sub_6C347 _DWORD *__cdecl(int, HMDIDRIVER mdi, int, int)
sub_6C4BF int __cdecl(void *ptr)
p2 void()
sub_6C53D BOOL()
sub_6C569 int __cdecl(_DWORD *)
sub_6C573 void __cdecl(HSAMPLE sample)
sub_6C5D1 void __cdecl(HSAMPLE S, int)
EOS void __cdecl(HSAMPLE sample)
sub_6C84E void __cdecl(int, HSAMPLE S)
sub_6C938 SAMPLE *__cdecl(int dig, char *s1, int)
sub_6CA63 int __cdecl(int, char *s1, int)
sub_6CB3B int __cdecl(int, int)
sub_6CB57 void()
AILSS_start void __fastcall()
SS_start_DIG_driver_playback LONG __cdecl(DIG_DRIVER *a1)
SS_stop_DIG_driver_playback LONG __cdecl(DIG_DRIVER *a1)
SS_build_amplitude_tables void __cdecl(HSAMPLE s)
SS_serve void __cdecl(DIG_DRIVER *a1)
SS_configure_buffers LONG __fastcall(DIG_DRIVER *digdrv)
SS_attempt_DIG_detection LONG __cdecl(DIG_DRIVER *a1, IO_PARMS *IO)
SS_destroy_DIG_driver void __cdecl(DIG_DRIVER *digdrv)
SS_construct_DIG_driver HDIGDRIVER __cdecl(AIL_DRIVER *drvr, IO_PARMS *IO)
AIL_API_install_DIG_driver_file AIL_DRIVER **__cdecl(BYTE *filename, IO_PARMS *IO)
AIL_API_install_DIG_driver_image HDIGDRIVER __cdecl(void *driver_image, ULONG size, IO_PARMS *IO)
AIL_API_install_DIG_INI LONG __fastcall()
AIL_API_uninstall_DIG_driver void __cdecl(HDIGDRIVER digdrv)
AIL_API_active_sample_count LONG __cdecl(HDIGDRIVER dig)
AIL_API_allocate_sample_handle HSAMPLE __cdecl(HDIGDRIVER dig)
AIL_API_release_sample_handle void __cdecl(HSAMPLE S)
AIL_API_init_sample void __cdecl(HSAMPLE S)
AIL_API_sample_status ULONG __cdecl(HSAMPLE S)
AIL_API_set_sample_address void __cdecl(HSAMPLE S, void *start, ULONG len)
AIL_API_set_sample_type void __cdecl(HSAMPLE S, LONG format, ULONG flags)
AIL_API_sample_playback_rate LONG __cdecl(HSAMPLE S)
AIL_API_set_sample_playback_rate void __cdecl(HSAMPLE S, LONG playback_rate)
AIL_API_sample_volume LONG __cdecl(HSAMPLE S)
AIL_API_set_sample_volume void __cdecl(HSAMPLE S, LONG volume)
AIL_API_sample_pan LONG __cdecl(HSAMPLE S)
AIL_API_set_sample_pan void __cdecl(HSAMPLE S, LONG pan)
AIL_API_sample_position ULONG __cdecl(HSAMPLE S)
AIL_API_set_sample_position void __cdecl(HSAMPLE S, ULONG pos)
AIL_API_sample_loop_count LONG __cdecl(HSAMPLE S)
AIL_API_set_sample_loop_count void __cdecl(HSAMPLE S, LONG loop_count)
AIL_API_start_sample void __cdecl(HSAMPLE S)
AIL_API_stop_sample void __cdecl(HSAMPLE S)
AIL_API_resume_sample void __cdecl(HSAMPLE S)
AIL_API_end_sample void __cdecl(HSAMPLE S)
AIL_API_register_SOB_callback AILSAMPLECB __cdecl(HSAMPLE S, AILSAMPLECB SOB)
AIL_API_register_EOB_callback AILSAMPLECB __cdecl(HSAMPLE S, AILSAMPLECB EOB)
AIL_API_register_EOS_callback AILSAMPLECB __cdecl(HSAMPLE S, AILSAMPLECB EOS)
AIL_API_set_sample_user_data void __cdecl(HSAMPLE S, ULONG index, LONG value)
AIL_API_sample_user_data LONG __cdecl(HSAMPLE S, ULONG index)
AIL_API_minimum_sample_buffer_size LONG __cdecl(HDIGDRIVER dig, LONG playback_rate, LONG format)
sub_6E3D0 _DWORD *__cdecl(_DWORD *, int, int, int)
sub_6E460 char __cdecl(_DWORD *)
AILSS_end void __fastcall()
AILXMIDI_start void __fastcall()
sub_6E6E0 LONG __cdecl(int)
XMI_MIDI_message void __cdecl(MDI_DRIVER *mdidrv, int status, int d1, int d2)
sub_6E910 int __cdecl(_DWORD *)
sub_6E980 unsigned int __cdecl(int, int)
sub_6EAA0 int __cdecl(int, char, unsigned int)
sub_6EC20 unsigned int __cdecl(int, char, unsigned int, unsigned __int8)
XMI_send_channel_voice_message void __cdecl(HSEQUENCE S, int status, int data_1, int data_2, int ICA_enable)
sub_6F230 void __cdecl(SEQUENCE *)
sub_6F300 void __cdecl(SEQUENCE *S, int)
XMI_refresh_channel void __cdecl(SEQUENCE *, int)
sub_6F5C0 _DWORD *__cdecl(_DWORD *)
sub_6F690 void __cdecl(SEQUENCE *)
AIL_sub_6F6D0 void __cdecl(ULONG user)
sub_6FE00 LONG __cdecl(AIL_DRIVER **, const void *)
sub_6FED0 int __cdecl(void *ptr)
AIL_sub_6FF30 ULONG __cdecl(AIL_DRIVER *drvr, const void *)
AIL_sub_705D0 UBYTE *__cdecl(char *path, int)
sub_70650 AIL_DRIVER *__cdecl(void *s2, size_t n, int)
sub_70690 HMDIDRIVER()
sub_706F0 void __cdecl(AIL_DRIVER **)
sub_70700 int __cdecl(char *)
sub_70780 _DWORD *__cdecl(int)
sub_70800 void __cdecl(HSEQUENCE S)
sub_70820 unsigned int __cdecl(AIL_DRIVER ***, int, int)
sub_70BD0 UBYTE *__cdecl(HSEQUENCE S)
sub_70C10 void __cdecl(SEQUENCE *)
AIL2OAL_API_resume_sequence void __cdecl(SEQUENCE *)
sub_70D70 void __cdecl(HSEQUENCE S)
sub_70DA0 int __cdecl(int, int)
sub_70DB0 int __cdecl(_DWORD *, int, int)
sub_70E20 struct _MDI_DRIVER *__cdecl(SEQUENCE *, LONG, int)
AIL2OAL_API_sequence_status ULONG __cdecl(SEQUENCE *seq)
sub_70EB0 unsigned int __cdecl(int)
sub_70ED0 LONG __cdecl(HSEQUENCE)
sub_70EE0 int __cdecl(int)
sub_70EF0 LONG __cdecl(AIL_DRIVER **, __int16, __int16)
sub_70F30 int __cdecl(int, int, int)
sub_71030 LONG __cdecl(AIL_DRIVER **, __int16, __int16)
sub_71070 LONG __cdecl(AIL_DRIVER **, __int16, __int16)
sub_710B0 int __cdecl(int)
sub_710E0 int __cdecl(int, char, unsigned int)
sub_71110 int __cdecl(int, int)
sub_71150 void __cdecl(_DWORD *, _DWORD *, int *)
sub_711C0 void __cdecl(_DWORD *, int)
sub_71250 int __cdecl(int, int)
sub_71270 int __cdecl(int, int)
sub_71290 int __cdecl(int, int)
sub_712B0 int __cdecl(int, int)
sub_712D0 int __cdecl(int, int)
sub_712F0 int __cdecl(int, int, int)
sub_71310 int __cdecl(int, int)
sub_71330 int __cdecl(int, int)
sub_71340 unsigned int __cdecl(_DWORD *)
AIL2OAL_API_release_channel void __cdecl(MDI_DRIVER *mdidrv, int channel)
sub_71610 _DWORD *__cdecl(_DWORD *, int, int)
sub_71650 int __cdecl(int, int)
sub_71670 void __cdecl(int, SEQUENCE *, int, unsigned int, ULONG)
sub_71720 LONG __cdecl(_DWORD *, void *)
AILXMIDI_end void __fastcall()
AIL2OAL_start void __fastcall()
AIL_driver_server void __cdecl(AIL_DRIVER *drvr)
ASC_val int __cdecl(char *s, int, int)
AIL_API_read_INI LONG __cdecl(AIL_INI *INI, BYTE *filename)
AIL_API_set_preference int __cdecl(int, ULONG)
AIL_API_install_driver AIL_DRIVER *__cdecl(const UBYTE *driver_image, ULONG n_bytes)
AIL_API_uninstall_driver void __cdecl(AIL_DRIVER *drvr)
AIL_API_get_IO_environment IO_PARMS *__cdecl(AIL_DRIVER *drvr)
AIL_API_startup void __fastcall()
AIL_API_shutdown void __fastcall()
AIL2OAL_end void __fastcall()
sub_725FC int __usercall@<eax>(int@<ecx>, _BYTE *@<edi>, int *@<esi>)
sub_7260D int __usercall@<eax>(int@<ecx>, _BYTE *@<edi>, int *@<esi>)
sub_72619 int __usercall@<eax>(int@<ecx>, _WORD *@<edi>, int *@<esi>)
sub_72638 int __usercall@<eax>(int@<ecx>, _WORD *@<edi>, int *@<esi>)
sub_7264C char __usercall@<al>(int@<ecx>, _WORD *@<edi>, int *@<esi>)
sub_7266B char __usercall@<al>(int@<ecx>, _WORD *@<edi>, int *@<esi>)
sub_7267F int __usercall@<eax>(int@<ecx>, _BYTE *@<ebx>, _BYTE *@<edi>, int *@<esi>)
sub_7269C int __usercall@<eax>(int@<ecx>, _BYTE *@<ebx>, _BYTE *@<edi>, int *@<esi>)
sub_726AE int __usercall@<eax>(int@<ecx>, _BYTE *@<ebx>, _BYTE *@<edi>, int *@<esi>)
sub_726CB int __usercall@<eax>(int@<ecx>, _BYTE *@<ebx>, _BYTE *@<edi>, int *@<esi>)
sub_726DD int __usercall@<eax>(int@<ecx>, _WORD *@<edi>, int *@<esi>)
sub_726F1 int __usercall@<eax>(int@<ecx>, _WORD *@<edi>, int *@<esi>)
sub_72700 __int16 __usercall@<ax>(int@<ecx>, _WORD *@<edi>, int *@<esi>)
sub_72716 __int16 __usercall@<ax>(int@<ecx>, _WORD *@<edi>, int *@<esi>)
sub_72727 int __usercall@<eax>(int@<ecx>, _WORD *@<edi>, int *@<esi>)
sub_72748 int __usercall@<eax>(int@<ecx>, _WORD *@<edi>, int *@<esi>)
sub_7275E int __usercall@<eax>(int@<ecx>, _WORD *@<edi>, int *@<esi>)
sub_7277F int __usercall@<eax>(int@<ecx>, _WORD *@<edi>, int *@<esi>)
sub_72795 int __usercall@<eax>(int@<ecx>, _WORD *@<edi>, int *@<esi>)
sub_727BA int __usercall@<eax>(int@<ecx>, _WORD *@<edi>, int *@<esi>)
sub_727D4 int __usercall@<eax>(int@<ecx>, _WORD *@<edi>, int *@<esi>)
sub_727F9 int __usercall@<eax>(int@<ecx>, _WORD *@<edi>, int *@<esi>)
sub_72813 int __usercall@<eax>(int@<ecx>, _WORD *@<ebx>, _WORD *@<edi>, int *@<esi>)
sub_72836 int __usercall@<eax>(int@<ecx>, _WORD *@<ebx>, _WORD *@<edi>, int *@<esi>)
sub_7284E int __usercall@<eax>(int@<ecx>, _WORD *@<ebx>, _WORD *@<edi>, int *@<esi>)
sub_72871 int __usercall@<eax>(int@<ecx>, _WORD *@<ebx>, _WORD *@<edi>, int *@<esi>)
sub_72889 int __usercall@<eax>(int@<ecx>, _WORD *@<ebx>, _WORD *@<edi>, int *@<esi>)
sub_728B0 int __usercall@<eax>(int@<ecx>, _WORD *@<ebx>, _WORD *@<edi>, int *@<esi>)
sub_728CC int __usercall@<eax>(int@<ecx>, _WORD *@<ebx>, _WORD *@<edi>, int *@<esi>)
sub_728F3 int __usercall@<eax>(int@<ecx>, _WORD *@<ebx>, _WORD *@<edi>, int *@<esi>)
sub_7290F int __usercall@<eax>(int@<ecx>, _BYTE *@<edi>, int *@<esi>)
sub_7293C int __usercall@<eax>(int@<ecx>, _BYTE *@<edi>, int *@<esi>)
sub_72964 int __usercall@<eax>(int@<ecx>, _WORD *@<edi>, int *@<esi>)
sub_729BD int __usercall@<eax>(int@<ecx>, _WORD *@<edi>, int *@<esi>)
sub_72A0B char __usercall@<al>(int@<ecx>, _WORD *@<edi>, int *@<esi>)
sub_72A64 char __usercall@<al>(int@<ecx>, _WORD *@<edi>, int *@<esi>)
sub_72AB2 int __usercall@<eax>(int@<ecx>, _BYTE *@<ebx>, _BYTE *@<edi>, int *@<esi>)
sub_72B09 int __usercall@<eax>(int@<ecx>, _BYTE *@<ebx>, _BYTE *@<edi>, int *@<esi>)
sub_72B55 int __usercall@<eax>(int@<ecx>, _BYTE *@<ebx>, _BYTE *@<edi>, int *@<esi>)
sub_72BAC int __usercall@<eax>(int@<ecx>, _BYTE *@<ebx>, _BYTE *@<edi>, int *@<esi>)
sub_72BF8 int __usercall@<eax>(int@<ecx>, _WORD *@<edi>, int *@<esi>)
sub_72C28 int __usercall@<eax>(int@<ecx>, _WORD *@<edi>, int *@<esi>)
sub_72C53 __int16 __usercall@<ax>(int@<ecx>, _WORD *@<edi>, int *@<esi>)
sub_72C85 __int16 __usercall@<ax>(int@<ecx>, _WORD *@<edi>, int *@<esi>)
sub_72CB2 int __usercall@<eax>(int@<ecx>, _WORD *@<edi>, int *@<esi>)
sub_72D0D int __usercall@<eax>(int@<ecx>, _WORD *@<edi>, int *@<esi>)
sub_72D5D int __usercall@<eax>(int@<ecx>, _WORD *@<edi>, int *@<esi>)
sub_72DB8 int __usercall@<eax>(int@<ecx>, _WORD *@<edi>, int *@<esi>)
sub_72E08 int __usercall@<eax>(int@<ecx>, _WORD *@<edi>, int *@<esi>)
sub_72E67 __int16 __usercall@<ax>(int@<ecx>, _WORD *@<edi>, int *@<esi>)
sub_72EBB int __usercall@<eax>(int@<ecx>, _WORD *@<edi>, int *@<esi>)
sub_72F1A __int16 __usercall@<ax>(int@<ecx>, _WORD *@<edi>, int *@<esi>)
sub_72F6E int __usercall@<eax>(int@<ecx>, _WORD *@<ebx>, _WORD *@<edi>, int *@<esi>)
sub_72FCB int __usercall@<eax>(int@<ecx>, _WORD *@<ebx>, _WORD *@<edi>, int *@<esi>)
sub_7301D int __usercall@<eax>(int@<ecx>, _WORD *@<ebx>, _WORD *@<edi>, int *@<esi>)
sub_7307A int __usercall@<eax>(int@<ecx>, _WORD *@<ebx>, _WORD *@<edi>, int *@<esi>)
sub_730CC int __usercall@<eax>(int@<ecx>, _WORD *@<ebx>, _WORD *@<edi>, int *@<esi>)
sub_7312D __int16 __usercall@<ax>(int@<ecx>, _WORD *@<ebx>, _WORD *@<edi>, int *@<esi>)
sub_73183 int __usercall@<eax>(int@<ecx>, _WORD *@<ebx>, _WORD *@<edi>, int *@<esi>)
sub_731E4 __int16 __usercall@<ax>(int@<ecx>, _WORD *@<ebx>, _WORD *@<edi>, int *@<esi>)
sub_7323A int __usercall@<eax>(int result@<eax>, _DWORD *@<edi>, _BYTE *@<esi>)
sub_7325B int __usercall@<eax>(int result@<eax>, _DWORD *@<edi>, _BYTE *@<esi>)
sub_7327F int __usercall@<eax>(int result@<eax>, _DWORD *@<edi>, _BYTE *@<esi>)
sub_732AB int __usercall@<eax>(int result@<eax>, __int16@<bx>, _DWORD *@<edi>, _BYTE *@<esi>)
sub_732DD int __usercall@<eax>(int result@<eax>, _DWORD *@<edi>, unsigned int@<esi>)
sub_73309 int __usercall@<eax>(int result@<eax>, __int16@<bx>, _DWORD *@<edi>, _BYTE *@<esi>)
sub_7333B __int16 __usercall@<ax>(_DWORD *@<edi>, _WORD *@<esi>)
sub_7335F __int16 __usercall@<ax>(_DWORD *@<edi>, _WORD *@<esi>)
sub_73386 __int16 __usercall@<ax>(_DWORD *@<edi>, _WORD *@<esi>)
sub_733B4 __int16 __usercall@<ax>(_DWORD *@<edi>, _WORD *@<esi>)
sub_733E8 __int16 __usercall@<ax>(_DWORD *@<edi>, unsigned int@<esi>)
sub_73416 __int16 __usercall@<ax>(_DWORD *@<edi>, _WORD *@<esi>)
sub_7344A __int16 __usercall@<ax>(__int16 result@<ax>, _DWORD *@<edi>, _BYTE *@<esi>)
sub_73466 __int16 __usercall@<ax>(__int16 result@<ax>, _DWORD *@<edi>, _BYTE *@<esi>)
sub_73485 __int16 __usercall@<ax>(__int16 result@<ax>, _DWORD *@<edi>, _BYTE *@<esi>)
sub_734A6 __int16 __usercall@<ax>(__int16 result@<ax>, __int16@<bx>, _DWORD *@<edi>, _BYTE *@<esi>)
sub_734CD __int16 __usercall@<ax>(__int16 result@<ax>, _DWORD *@<edi>, unsigned int@<esi>)
sub_734EE __int16 __usercall@<ax>(__int16 result@<ax>, __int16@<bx>, _DWORD *@<edi>, _BYTE *@<esi>)
sub_73515 __int16 __usercall@<ax>(_DWORD *@<edi>, __int16 *@<esi>)
sub_73534 __int16 __usercall@<ax>(_DWORD *@<edi>, __int16 *@<esi>)
sub_73556 __int16 __usercall@<ax>(_DWORD *@<edi>, __int16 *@<esi>)
sub_73579 __int16 __usercall@<ax>(_DWORD *@<edi>, __int16 *@<esi>)
sub_735A2 __int16 __usercall@<ax>(_DWORD *@<edi>, unsigned int@<esi>)
sub_735C5 __int16 __usercall@<ax>(_DWORD *@<edi>, __int16 *@<esi>)
sub_735EE int __usercall@<eax>(int result@<eax>, unsigned int@<ecx>, _DWORD *@<edi>, _BYTE *@<esi>)
sub_7361A int __usercall@<eax>(int result@<eax>, unsigned int@<ecx>, _DWORD *@<edi>, _BYTE *@<esi>)
sub_73649 int __usercall@<eax>(int result@<eax>, unsigned int@<ecx>, _DWORD *@<edi>, _BYTE *@<esi>)
sub_73683 int __usercall@<eax>(int result@<eax>, unsigned int@<ecx>, __int16@<bx>, _DWORD *@<edi>, _BYTE *@<esi>)
sub_736C3 int __usercall@<eax>(int result@<eax>, unsigned int@<ecx>, _DWORD *@<edi>, unsigned int@<esi>)
sub_736FD int __usercall@<eax>(int result@<eax>, unsigned int@<ecx>, __int16@<bx>, _DWORD *@<edi>, _BYTE *@<esi>)
sub_7373D __int16 __usercall@<ax>(unsigned int@<ecx>, _DWORD *@<edi>, _WORD *@<esi>)
sub_7376F __int16 __usercall@<ax>(unsigned int@<ecx>, _DWORD *@<edi>, _WORD *@<esi>)
sub_737A4 __int16 __usercall@<ax>(unsigned int@<ecx>, _DWORD *@<edi>, _WORD *@<esi>)
sub_737E0 __int16 __usercall@<ax>(unsigned int@<ecx>, _DWORD *@<edi>, _WORD *@<esi>)
sub_73822 __int16 __usercall@<ax>(unsigned int@<ecx>, _DWORD *@<edi>, unsigned int@<esi>)
sub_7385E __int16 __usercall@<ax>(unsigned int@<ecx>, _DWORD *@<edi>, _WORD *@<esi>)
sub_738A0 __int16 __usercall@<ax>(__int16 result@<ax>, unsigned int@<ecx>, _DWORD *@<edi>, _BYTE *@<esi>)
sub_738C7 __int16 __usercall@<ax>(__int16 result@<ax>, unsigned int@<ecx>, _DWORD *@<edi>, _BYTE *@<esi>)
sub_738F1 __int16 __usercall@<ax>(__int16 result@<ax>, unsigned int@<ecx>, _DWORD *@<edi>, _BYTE *@<esi>)
sub_73920 __int16 __usercall@<ax>(__int16 result@<ax>, unsigned int@<ecx>, __int16@<bx>, _DWORD *@<edi>, _BYTE *@<esi>)
sub_73955 __int16 __usercall@<ax>(__int16 result@<ax>, unsigned int@<ecx>, _DWORD *@<edi>, unsigned int@<esi>)
sub_73984 __int16 __usercall@<ax>(__int16 result@<ax>, unsigned int@<ecx>, __int16@<bx>, _DWORD *@<edi>, _BYTE *@<esi>)
sub_739B9 __int16 __usercall@<ax>(unsigned int@<ecx>, _DWORD *@<edi>, __int16 *@<esi>)
sub_739E6 __int16 __usercall@<ax>(unsigned int@<ecx>, _DWORD *@<edi>, __int16 *@<esi>)
sub_73A16 __int16 __usercall@<ax>(unsigned int@<ecx>, _DWORD *@<edi>, __int16 *@<esi>)
sub_73A47 __int16 __usercall@<ax>(unsigned int@<ecx>, _DWORD *@<edi>, __int16 *@<esi>)
sub_73A7E __int16 __usercall@<ax>(unsigned int@<ecx>, _DWORD *@<edi>, unsigned int@<esi>)
sub_73AAF __int16 __usercall@<ax>(unsigned int@<ecx>, _DWORD *@<edi>, __int16 *@<esi>)
sub_73AE6 char __usercall@<al>(int@<eax>, int@<edx>, _DWORD *@<edi>, _BYTE *@<esi>)
sub_73B02 char __usercall@<al>(int@<eax>, int@<edx>, _DWORD *@<edi>, _BYTE *@<esi>)
sub_73B28 char __usercall@<al>(int@<eax>, int@<edx>, _DWORD *@<edi>, _BYTE *@<esi>)
sub_73B49 char __usercall@<al>(int@<eax>, int@<edx>, int@<ebx>, _DWORD *@<edi>, _BYTE *@<esi>)
sub_73B74 char __usercall@<al>(int@<eax>, int@<edx>, _DWORD *@<edi>, unsigned int@<esi>)
sub_73B95 char __usercall@<al>(int@<eax>, int@<edx>, int@<ebx>, _DWORD *@<edi>, _BYTE *@<esi>)
sub_73BC0 char __usercall@<al>(int@<eax>, int@<edx>, _DWORD *@<edi>, unsigned int@<esi>)
sub_73BDF char __usercall@<al>(int@<eax>, int@<edx>, _DWORD *@<edi>, unsigned int@<esi>)
sub_73C08 char __usercall@<al>(int@<eax>, int@<edx>, _DWORD *@<edi>, unsigned int@<esi>)
sub_73C2A char __usercall@<al>(int@<eax>, int@<edx>, int@<ebx>, _DWORD *@<edi>, unsigned int@<esi>)
sub_73C56 char __usercall@<al>(int@<eax>, int@<edx>, _DWORD *@<edi>, unsigned int@<esi>)
sub_73C78 char __usercall@<al>(int@<eax>, int@<edx>, int@<ebx>, _DWORD *@<edi>, unsigned int@<esi>)
sub_73CA4 char __usercall@<al>(int@<eax>, int@<edx>, unsigned int@<ecx>, _DWORD *@<edi>, _BYTE *@<esi>)
sub_73CCB char __usercall@<al>(int@<eax>, int@<edx>, unsigned int@<ecx>, _DWORD *@<edi>, _BYTE *@<esi>)
sub_73CFC char __usercall@<al>(int@<eax>, int@<edx>, unsigned int@<ecx>, _DWORD *@<edi>, _BYTE *@<esi>)
sub_73D2B char __usercall@<al>(int@<eax>, int@<edx>, unsigned int@<ecx>, int@<ebx>, _DWORD *@<edi>, _BYTE *@<esi>)
sub_73D64 char __usercall@<al>(int@<eax>, int@<edx>, unsigned int@<ecx>, _DWORD *@<edi>, unsigned int@<esi>)
sub_73D93 char __usercall@<al>(int@<eax>, int@<edx>, unsigned int@<ecx>, int@<ebx>, _DWORD *@<edi>, _BYTE *@<esi>)
sub_73DCC char __usercall@<al>(int@<eax>, int@<edx>, unsigned int@<ecx>, _DWORD *@<edi>, unsigned int@<esi>)
sub_73DF9 char __usercall@<al>(int@<eax>, int@<edx>, unsigned int@<ecx>, _DWORD *@<edi>, unsigned int@<esi>)
sub_73E30 char __usercall@<al>(int@<eax>, int@<edx>, unsigned int@<ecx>, _DWORD *@<edi>, unsigned int@<esi>)
sub_73E60 char __usercall@<al>(int@<eax>, int@<edx>, unsigned int@<ecx>, int@<ebx>, _DWORD *@<edi>, unsigned int@<esi>)
sub_73E9A char __usercall@<al>(int@<eax>, int@<edx>, unsigned int@<ecx>, _DWORD *@<edi>, unsigned int@<esi>)
sub_73ECA char __usercall@<al>(int@<eax>, int@<edx>, unsigned int@<ecx>, int@<ebx>, _DWORD *@<edi>, unsigned int@<esi>)
AILSSA_merge int __cdecl(int)
AILSSA_DMA_copy void __cdecl(DIG_DRIVER *digdrv, int a2)
AILSSA_flush_buffer void __cdecl(DIG_DRIVER *digdrv)
AILSSA_VMM_lock void __fastcall()
AIL_API_lock void __fastcall()
AIL_API_unlock void __fastcall()
sub_7420E int __usercall@<eax>(__int32@<eax>, int@<edx>, int@<ecx>, int@<ebx>, int@<ebp>, __int32@<edi>, __int32@<esi>)
set_PIT_divisor void __cdecl(ULONG divisor)
set_PIT_period void __cdecl(ULONG period)
program_timers void __fastcall()
AILA_startup void __fastcall()
AILA_shutdown int()
AIL_API_get_real_vect int __fastcall(ULONG vectnum)
AIL_API_set_real_vect void __fastcall(ULONG vectnum, REALFAR real_ptr)
AIL_API_set_USE16_ISR void __cdecl(LONG IRQ, REALFAR real_base, ULONG ISR_offset)
AIL_API_restore_USE16_ISR void __cdecl(LONG IRQ)
AIL_API_restore_interrupts void __cdecl(ULONG FD_register)
AIL_API_call_driver LONG __cdecl(AIL_DRIVER *drvr, LONG fn, VDI_CALL *in, VDI_CALL *out)
AIL_API_delay void __cdecl(LONG intervals)
AIL_API_background LONG __fastcall()
AIL_API_register_timer HTIMER __cdecl(AILTIMERCB fn)
AIL_API_set_timer_user ULONG __cdecl(HTIMER timer, ULONG user)
AIL_API_release_timer_handle void __cdecl(HTIMER timer)
AIL_API_release_all_timers void __fastcall()
AIL_API_start_timer void __cdecl(HTIMER timer)
AIL_API_start_all_timers void __fastcall()
AIL_API_stop_timer void __cdecl(HTIMER timer)
AIL_API_stop_all_timers void __fastcall()
AIL_API_set_timer_period void __cdecl(HTIMER timer, ULONG microseconds)
AIL_API_set_timer_frequency int __cdecl(HTIMER timer, unsigned int)
sub_74B78 int __cdecl(HTIMER timer, unsigned int)
AIL_API_interrupt_divisor ULONG __fastcall()
AILA_VMM_lock void __fastcall()
sub_74BF0 int __fastcall(FILE *)
sub_74C28 __int16 __fastcall(unsigned __int16 *, _WORD *, unsigned int)
sub_74CBC _WORD *__fastcall(int, int, int, int)
sub_74E4C int __fastcall(int, int, int, int)
sub_74F2C void __fastcall __noreturn(_DWORD)
sub_74FAC BOOL __fastcall(char, int, int, int)
sub_7501C __int16()
sub_75034 void __fastcall(int)
sub_75098 FILE *__usercall@<eax>(int@<eax>, int@<edx>, int@<ecx>, int@<ebx>, char *, int)
sub_75500 char *()
sub_75508 void *()
sub_75510 void *()
sub_75518 char *()
sub_75520 int __usercall@<eax>(int@<eax>, int@<edx>, int@<ecx>, int@<ebx>, int@<ebp>, int@<edi>, int@<esi>)
sub_756E9 void()
sub_75748 void __usercall(__int16@<ax>, __int16@<di>)
sub_757C1 int()
sub_75860 __int16 __cdecl(int)
sub_758F4 void()
sub_759A8 int __cdecl(int, int (__cdecl *)(_DWORD, _DWORD, _DWORD, _DWORD))
sub_759D4 __int32()
sub_75A08 int __cdecl(char, int)
sub_75A44 __int32 __cdecl(char, int)
sub_75A8C __int32 __cdecl(char, int, __int16)
sub_75AC4 int *__fastcall(char, int, int *)
sub_75AE8 __int32 __fastcall(char, int, int, int, int, __int16, int)
sub_75B18 __int32 __fastcall(char, int)
sub_75E48 BOOL __cdecl(int, int)
sub_75E9C BOOL __cdecl(int, int)
sub_75EF0 BOOL __cdecl(int, int)
sub_75F20 char __cdecl(__int16, int)
sub_75F32 __int16 __cdecl(__int16, int)
sub_75F45 int __cdecl(__int16, int)
sub_75F6C __int16 __cdecl(__int16, int, __int16)
sub_75F98 __int16 __cdecl(_WORD *, __int16, char *, unsigned int)
sub_75FBE __int16 __cdecl(__int16, char *, _WORD *, unsigned int)
sub_75FE4 _WORD *__cdecl(_WORD *)
sub_76404 __int32 __cdecl(int)
sub_7641A __int32 __cdecl(int, _DWORD *, __int32 *, _WORD *)
sub_764AD void()
sub_764C0 int()
sub_76520 int()
sub_7654C int()
sub_76578 int()
sub_765A4 __int32 __cdecl(int, _DWORD *, __int32 *)
sub_765D4 int *__cdecl(char, int *)
sub_76618 __int16 __cdecl(char, int)
sub_76658 int __fastcall(int, int)
sub_766B8 BOOL __fastcall(__int16, int)
sub_76700 int __fastcall(__int16)
sub_76740 BOOL __fastcall(__int16, int)
sub_76788 int __fastcall(int, int)
sub_767D4 unsigned int __fastcall(unsigned int, int)
sub_76874 __int32 __fastcall(__int16)
sub_76A04 _DWORD *__cdecl(_DWORD *, _DWORD *, int, int)
sub_76A40 int __cdecl(int, _DWORD *, _DWORD *, _DWORD *, _DWORD *)
sub_76AAC __int32 __cdecl(__int16)
sub_76AD8 __int16 __cdecl(char, unsigned __int16 *, _WORD *)
sub_76BB0 __int16 __cdecl(char, unsigned __int16 *, _WORD *, __int16 *)
sub_76CB4 unsigned int __cdecl(unsigned int, int)
__wcpp_2_undef_vfun__ 
mem_putc_ 
sprintf_ int(char *s, const char *format, ...)
__wcpp_2_dtor_array_store__ int __fastcall(_DWORD, _DWORD)
W?$dan(pnv)v 
W?$dln(pnv)v 
strcmp_ int __fastcall(const char *s1, const char *s2)
__wcpp_2_undefed_cdtor__ 
__init_387_emulator 
__fini_387_emulator 
sqrt_ double __fastcall(double x)
IF@SQRT 
__@DSQRT 
__CHP void()
memset_ void *__fastcall(void *s, int c, size_t n)
byteswap_ 
med3_ 
qsort_ void __fastcall(void *base, size_t nmemb, size_t size, int (__fastcall *compar)(const void *, const void *))
__wcpp_2_ctor_array__ int __fastcall(_DWORD, _DWORD, _DWORD)
cget_string_ 
uncget_string_ 
vsscanf_ int __fastcall(const char *s, const char *format, __va_list arg)
sscanf_ int(const char *s, const char *format, ...)
fclose_ int __fastcall(FILE *fp)
__shutdown_stream_ 
__hex_ 
__MkTmpFile_ 
__doclose_ int __fastcall(FILE *fp)
IF@COS double(void)
IF@SIN 
sub_775AE 
cos_ double __fastcall(double x)
sin_ double __fastcall(double x)
IF@TAN 
tan_ double __fastcall(double x)
W?$nan(ui)pnv void *__fastcall(size_t size)
__wcpp_2_dtor_array__ int __fastcall(_DWORD, _DWORD, _DWORD)
stricmp_ int __fastcall(const char *s1, const char *s2)
fdopen_ FILE *__fastcall(int handle, const char *mode)
__iomode_ 
fgetpos_ int __fastcall(FILE *fp, fpos_t *pos)
strncpy_ char *__fastcall(char *s1, const char *s2, size_t n)
filelength_ int __fastcall(int handle)
open_ int(const char *path, int oflag, ...)
sopen_ int(const char *path, int oflag, int shflag, ...)
__set_binary_ 
lseek_ int __fastcall(int handle, int offset, int origin)
close_ int __fastcall(int handle)
tell_ int __fastcall(int handle)
__get_errno_ptr_ volatile int *__fastcall()
__get_doserrno_ptr_ int *__fastcall()
read_ int __fastcall(int handle, void *buf, unsigned int len)
_dos_read_ unsigned int __fastcall(int handle, void far *buf, unsigned int count, unsigned int *bytes)
_dos_write_ unsigned int __fastcall(int handle, const void far *buf, unsigned int count, unsigned int *bytes)
__assert_ void __fastcall(int, char *, char *, int)
write_ int __fastcall(int handle, const void *buf, unsigned int len)
__open_flags_ 
__doopen_ int __fastcall(char *path, int, int shflag)
_fsopen_ FILE *__fastcall(const char *filename, const char *mode, int shflag)
fopen_ FILE *__fastcall(const char *filename, const char *mode)
close_file_ 
freopen_ FILE *__fastcall(const char *filename, const char *mode, FILE *fp)
cget_file_ 
uncget_file_ 
vfscanf_ int __fastcall(FILE *fp, const char *format, __va_list arg)
fscanf_ int(FILE *fp, const char *format, ...)
clock_ clock_t(void)
printf_ int(const char *format, ...)
_Full_at_exit_rtn_ 
atexit_ int __fastcall(void (*func)(void))
getch_ int(void)
__null_int23_exit_ 
exit_ void __fastcall(int status)
_exit_ void __fastcall(int status)
checkFreeList_ 
checkFree_ 
_heapchk_ int(void)
time_ time_t __fastcall(time_t *timer)
initrandnext_ 
rand_ int(void)
srand_ void __fastcall(unsigned int seed)
access_ int __fastcall(const char *path, int mode)
fgets_ char *__fastcall(char *s, int n, FILE *fp)
start 
__wcpp_2_module_dtor__ 
W?fs_state_table$n(pn$ro_dtreg$$)pn$__7a4u3RO_STATE$$ 
W?fs_point_object$n(pn$rw_dtreg$$ui)pnv 
W?fs_init_traverse$n(pn$__1j2o3bSTAB_TRAVERSE$$pn$rw_dtreg$$)v 
W?init$n()v 
__wcpp_2_mod_register__ int __fastcall(_DWORD)
fprintf_ int(FILE *fp, const char *format, ...)
mem_putc__0 
vsprintf_ int __fastcall(char *s, const char *format, __va_list arg)
malloc_ void *__fastcall(size_t size)
calloc_ void *__fastcall(size_t n, size_t size)
free_ void __fastcall(void *ptr)
strnicmp_ int __fastcall(const char *s1, const char *s2, size_t n)
atoi_ int __fastcall(const char *nptr)
strdup_ char *__fastcall(const char *string)
delay_ void __fastcall(unsigned int milliseconds)
_dos_getftime_ unsigned int __fastcall(int handle, unsigned __int16 *date, unsigned __int16 *time)
_dos_setftime_ unsigned int __fastcall(int handle, unsigned __int16 date, unsigned __int16 time)
strncmp_ int __fastcall(const char *s1, const char *s2, size_t n)
IF@DPOW double __usercall@<st0>(double@<st0>)
sub_78AFD 
pow_ double __fastcall(double x, double y)
__wcpp_2_assign_array__ 
__wcpp_2_copy_array__ int __fastcall(_DWORD, _DWORD, _DWORD, _DWORD)
IF@DACOS 
acos_ double __fastcall(double x)
W?$nwn(ui)pnv void *__fastcall(size_t size)
strupr_ char *__fastcall(char *string)
_heapwalk_ int __fastcall(struct _heapinfo *entry)
__NHeapWalk_ 
sub_78CF2 
__CHK 
__GRO 
__STK 
__STKOVERFLOW_ 
abs_ int __fastcall(int j)
memmove_ void *__fastcall(void *s1, const void *s2, size_t n)
int386_ int __fastcall(int, union REGS *, union REGS *)
int386x_ int __fastcall(int, union REGS *, union REGS *, struct SREGS *)
memcpy_ void *__fastcall(void *s1, const void *s2, size_t n)
getenv_ char *__fastcall(const char *name)
isatty_ int __fastcall(int handle)
setbuf_ void __fastcall(FILE *fp, char *buf)
_localtime_ struct tm *__fastcall(const time_t *timer, struct tm *tmbuf)
localtime_ struct tm *__fastcall(const time_t *timer)
convDec_ 
_asctime_ char *__fastcall(const struct tm *timeptr, char *buf)
_ctime_ char *__fastcall(const time_t *timer, char *buf)
ctime_ char *__fastcall(const time_t *timer)
asctime_ char *__fastcall(const struct tm *timeptr)
strcpy_ char *__fastcall(char *s1, const char *s2)
toupper_ int __fastcall(_DWORD, _DWORD, _DWORD)
strlen_ size_t __fastcall(const char *s)
ftell_ int __fastcall(FILE *fp)
__update_buffer_ 
fseek_ int __fastcall(FILE *fp, int offset, int whence)
strrchr_ char *__fastcall(const char *s, int c)
fread_ size_t __fastcall(void *ptr, size_t size, size_t n, FILE *fp)
__wcpp_2_fatal_runtime_error__ 
__prtf_ 
getprintspecs_ 
evalflags_ 
far_strlen_ 
far_other_strlen_ 
fmt4hex_ 
FixedPoint_Format_ int __fastcall(char *buf)
float_format_ 
formstring_ int __fastcall(char *buf)
zupstr_ 
__setEFGfmt_ 
sub_79E1A 
sub_79EE5 
sub_79F02 
sub_79F4F 
sub_79FE9 
sub_7A024 
__save_8087_ 
__rest_8087_ 
__init_8087_ 
_fpreset_ 
__chk8087_ 
__null_FPE_rtn 
__math87_err_ int __stdcall(double, char)
__STOSB 
__STOSD 
W?arr_state_table$n(pn$ro_dtreg$$)pn$__7a4u3RO_STATE$$ 
W?arr_point_object$n(pn$rw_dtreg$$ui)pnv 
W?arr_init_traverse$n(pn$__1j2o3bSTAB_TRAVERSE$$pn$rw_dtreg$$)v 
W?init$n()v_0 
__wcpp_2_arr_register__ 
__wcpp_2_base_register__ 
__wcpp_2_base_deregister__ 
__wcpp_2_base_deregister_2__ 
__wcpp_2_internal_deregister__ 
__scnf_ unsigned int __fastcall(int, unsigned __int8 *, int *)
get_opt_ int __fastcall(_DWORD, _DWORD)
scan_white_ int __fastcall(_DWORD)
scan_char_ int __fastcall(_DWORD, _DWORD)
scan_string_ void __fastcall(int, int *, int, _BYTE *)
report_scan_ int __fastcall(_DWORD, _DWORD, _DWORD)
makelist_ int __fastcall(int, void *s)
scan_arb_ int __fastcall(_DWORD, _DWORD, _DWORD)
scan_float_ int __fastcall(_DWORD, _DWORD)
scan_int_ int __fastcall(int, int *, int, int)
radix_value_ int __fastcall(_DWORD)
cgetw_ int __fastcall(_DWORD, _DWORD)
__allocfp_ 
__freefp_ 
getpid_ 
__flush_ 
__close_ 
remove_ int __fastcall(const char *path)
W?nextDtorPosn$n(pn$__1j2o3bSTAB_TRAVERSE$$)pn$__7a4u3RO_STATE$$ 
W?dtorComponent$n(pn$__iaap9DTOR_CMD$$uipn$rw_dtreg$$ui)v 
W?destruct_traverse$n(uipn$rw_dtreg$$i)v 
__wcpp_2_destruct_internal__ 
__wcpp_2_destruct_all__ 
__wcpp_2_destruct_after_all__ 
__set_EDOM_ 
__set_errno_ 
__set_ERANGE_ 
__set_doserrno_ 
__FPE_exception_ 
tolower_ 
__chktty_ 
__IOMode_ int __fastcall(int handle)
__SetIOMode_ 
_dosret0_ 
_dosretax_ 
__set_errno_dos_ 
__doserror_ 
abort_ void(void)
__terminate_ 
stackavail_ unsigned int(void)
fgetc_ int __fastcall(FILE *fp)
__filbuf_ 
__fill_buffer_ 
ungetc_ int __fastcall(int c, FILE *fp)
clock_value_ int()
__clock_init_ 
file_putc_ int __fastcall(int, int c)
__fprtf_ 
__getctime_ 
mktime_ time_t __fastcall(struct tm *timeptr)
__CMain 
__InitRtns 
__FiniRtns 
__Init_Argv_ 
_SplitParms_ 
__MemAllocator 
__MemFree int __fastcall(_DWORD, _DWORD, _DWORD)
__unlink_ 
__FreeDPMIBlocks_ 
__ReAllocDPMIBlock_ 
__LinkUpNewMHeap_ 
__LastFree_ 
RationalAlloc_ 
__CreateNewNHeap_ 
__ExpandDGROUP_ 
__AdjustAmount_ 
__nmemneed_ int __fastcall(size_t)
__delay_init_ 
__delay_ 
__pow87_err_ int __stdcall(double, double, char)
__@DEXP1 
IF@EXP 
__@DEXP 
exp_ double __fastcall(double x)
IF@ATAN 
IF@ATAN2 
atan_ double __fastcall(double x)
atan2_ double __fastcall(double y, double x)
__exit_with_msg_ 
__fatal_runtime_error_ 
segread_ void __fastcall(struct SREGS *)
__int386x_ 
sub_7C46C 
_DoINTR_ 
sub_7C4DE 
setvbuf_ int __fastcall(FILE *fp, char *buf, int mode, size_t size)
tryOSTimeZone_ 
tzset_ void(void)
parse_time_ 
parse_offset_ 
parse_rule_ 
__parse_tz_ 
__brktime_ 
_gmtime_ struct tm *__fastcall(const time_t *timer, struct tm *tmbuf)
gmtime_ struct tm *__fastcall(const time_t *timer)
__leapyear_ 
calc_yday_ 
check_order_ 
__isindst_ 
time_less_ 
__ioalloc_ 
__qread_ 
__EnterWVIDEO_ 
utoa_ char *__fastcall(unsigned int value, char *buf, int radix)
itoa_ char *__fastcall(int value, char *buf, int radix)
_Not_Enough_Memory_ 
ultoa_ char *__fastcall(unsigned int value, char *buf, int radix)
ltoa_ char *__fastcall(int value, char *buf, int radix)
_EFG_Format_ int __fastcall(int)
forcedecpt_ 
__cnvs2d_ 
__int7_pl3 
__int7_X32VM 
__int7 
sub_7D7D4 
sub_7D908 
sub_7D944 
sub_7D9E4 int __usercall@<eax>(int result@<eax>, int@<ecx>, _BYTE *@<ebp>)
sub_7DA32 void()
sub_7DA38 void()
sub_7DA3E void()
sub_7DA44 void()
sub_7DA4A void()
sub_7DA52 void()
sub_7DA58 void()
sub_7DA5E void()
sub_7DA64 void()
sub_7DA6C void()
sub_7DA74 void()
sub_7DA7C void()
sub_7DA84 void()
sub_7DA8E void()
sub_7DA98 void()
sub_7DAA0 void()
sub_7DAA8 void()
sub_7DAB1 void()
sub_7DABA void()
sub_7DAC3 void()
sub_7DACC void()
sub_7DAD7 void()
sub_7DAE2 void()
sub_7DAEB void()
sub_7DAF4 char __usercall@<al>(unsigned __int8@<ah>, int@<ebx>, _BYTE *@<esi>)
sub_7DB2C 
sub_7DB31 int __usercall@<eax>(int@<ebp>, int@<edi>, signed int *@<esi>)
sub_7DB50 int __usercall@<eax>(int@<ebp>, int@<edi>, signed int *@<esi>)
sub_7DB6F int __usercall@<eax>(int@<ebp>, int@<edi>, signed int *@<esi>, int, __int16, int, int, int, int, int, int, int, int, int, int, int, int, __int16)
sub_7DB8B int __usercall@<eax>(int@<ebp>, int@<edi>, signed int *@<esi>, int, __int16, int, int, int, int, int, int, int, int, int, int, int, int, __int16)
sub_7DBA7 int __usercall@<eax>(int@<ebp>, signed int *@<esi>)
sub_7DBC6 int __usercall@<eax>(int@<ebp>, signed int *@<esi>)
sub_7DBE5 int __usercall@<eax>(int@<ebp>, int@<edi>, signed int *@<esi>)
sub_7DC04 int __usercall@<eax>(int@<ebp>, int@<edi>, signed int *@<esi>)
sub_7DC23 int __usercall@<eax>(int@<ebp>, int@<edi>, signed int *@<esi>, int, __int16, int, int, int, int, int, int, int, int, int, int, int, int, __int16)
sub_7DC5D int __usercall@<eax>(int@<ebp>, int@<edi>, int *@<esi>, int, __int16, int, int, int, int, int, int, int, int, int, int, int, int, __int16)
sub_7DC6E void __usercall(int@<ebp>, int@<edi>, int *@<esi>)
sub_7DC7F int __usercall@<eax>(void *@<ebp>, const void *@<esi>, int, __int16, int, int, int, int, int, int, int, int, int, int, int, int, __int16)
sub_7DC9D int __usercall@<eax>(int@<ebp>, __int16 *@<esi>, int, __int16, int, int, int, int, int, int, int, int, int, int, int, int, __int16)
sub_7DCDD int __usercall@<eax>(const void *@<ebp>, void *@<esi>, int, __int16, int, int, int, int, int, int, int, int, int, int, int, int, __int16)
sub_7DCF1 int __usercall@<eax>(_WORD *@<ebp>, _WORD *@<esi>, int, __int16, int, int, int, int, int, int, int, int, int, int, int, int, __int16)
sub_7DCFF int __usercall@<eax>(int@<ebp>, int@<edi>, int *@<esi>)
sub_7DD1E int __usercall@<eax>(int@<ebp>, int@<edi>, int *@<esi>)
sub_7DD3D int __usercall@<eax>(int@<ebp>, int@<edi>, int *@<esi>, int, __int16, int, int, int, int, int, int, int, int, int, int, int, int, __int16)
sub_7DD59 int __usercall@<eax>(int@<ebp>, int@<edi>, int *@<esi>, int, __int16, int, int, int, int, int, int, int, int, int, int, int, int, __int16)
sub_7DD75 int __usercall@<eax>(int@<ebp>, int *@<esi>)
sub_7DD94 int __usercall@<eax>(int@<ebp>, int *@<esi>)
sub_7DDB3 int __usercall@<eax>(int@<ebp>, int@<edi>, int *@<esi>)
sub_7DDD2 int __usercall@<eax>(int@<ebp>, int@<edi>, int *@<esi>)
sub_7DDF1 int __usercall@<eax>(int@<ebp>, int@<edi>, int *@<esi>, int, __int16, int, int, int, int, int, int, int, int, int, int, int, int, __int16)
sub_7DE2B int __usercall@<eax>(_WORD *@<ebp>, int@<edi>, _DWORD *@<esi>, int, __int16, int, int, int, int, int, int, int, int, int, int, int, int, __int16)
sub_7DE67 void __usercall(_WORD *@<ebp>, int@<edi>, _DWORD *@<esi>)
sub_7DE8B int __usercall@<eax>(int@<ebp>, int@<edi>, __int64 *@<esi>)
sub_7DEAE int __usercall@<eax>(int@<ebp>, int@<edi>, __int64 *@<esi>)
sub_7DED1 int __usercall@<eax>(int@<ebp>, int@<edi>, __int64 *@<esi>, int, __int16, int, int, int, int, int, int, int, int, int, int, int, int, __int16)
sub_7DEF1 int __usercall@<eax>(int@<ebp>, int@<edi>, __int64 *@<esi>, int, __int16, int, int, int, int, int, int, int, int, int, int, int, int, __int16)
sub_7DF11 int __usercall@<eax>(int@<ebp>, __int64 *@<esi>)
sub_7DF34 int __usercall@<eax>(int@<ebp>, __int64 *@<esi>)
sub_7DF57 int __usercall@<eax>(int@<ebp>, int@<edi>, __int64 *@<esi>)
sub_7DF7A int __usercall@<eax>(int@<ebp>, int@<edi>, __int64 *@<esi>)
sub_7DF9D int __usercall@<eax>(int@<ebp>, int@<edi>, int@<esi>, int, __int16, int, int, int, int, int, int, int, int, int, int, int, int, __int16)
sub_7DFE4 int __usercall@<eax>(int@<ebp>, int@<edi>, __int64 *@<esi>, int, __int16, int, int, int, int, int, int, int, int, int, int, int, int, __int16)
sub_7E022 int __usercall@<eax>(int@<edx>, _BYTE *@<ebp>, int@<edi>, int *@<esi>, int, __int16, int, int, int, int, int, int, int, int, int, int, int, int, __int16)
sub_7E037 void __usercall(int@<ebp>, int@<edi>, int@<esi>)
sub_7E055 void __usercall(int@<edx>, _BYTE *@<ebp>, int@<edi>, int *@<esi>)
sub_7E06A int __usercall@<eax>(_DWORD *@<ebp>, _DWORD *@<esi>, int, __int16, int, int, int, int, int, int, int, int, int, int, int, int, __int16)
sub_7E0B1 void __usercall(char *@<ebp>, int@<edi>, _DWORD *@<esi>)
sub_7E0DC int __usercall@<eax>(int@<ebp>, _WORD *@<esi>, int, __int16, int, int, int, int, int, int, int, int, int, int, int, int, __int16)
sub_7E0EA int __usercall@<eax>(int@<ebp>, int@<edi>, __int16 *@<esi>)
sub_7E10B int __usercall@<eax>(int@<ebp>, int@<edi>, __int16 *@<esi>)
sub_7E12C int __usercall@<eax>(int@<ebp>, int@<edi>, __int16 *@<esi>, int, __int16, int, int, int, int, int, int, int, int, int, int, int, int, __int16)
sub_7E14A int __usercall@<eax>(int@<ebp>, int@<edi>, __int16 *@<esi>, int, __int16, int, int, int, int, int, int, int, int, int, int, int, int, __int16)
sub_7E168 int __usercall@<eax>(int@<ebp>, __int16 *@<esi>)
sub_7E189 int __usercall@<eax>(int@<ebp>, __int16 *@<esi>)
sub_7E1AA int __usercall@<eax>(int@<ebp>, int@<edi>, __int16 *@<esi>)
sub_7E1CB int __usercall@<eax>(int@<ebp>, int@<edi>, __int16 *@<esi>)
sub_7E1EC int __usercall@<eax>(int@<ebp>, int@<edi>, __int16 *@<esi>, int, __int16, int, int, int, int, int, int, int, int, int, int, int, int, __int16)
sub_7E228 int __usercall@<eax>(_WORD *@<ebp>, int@<edi>, _WORD *@<esi>, int, __int16, int, int, int, int, int, int, int, int, int, int, int, int, __int16)
sub_7E270 void __usercall(_WORD *@<ebp>, int@<edi>, _WORD *@<esi>)
sub_7E2A0 
sub_7E2A5 int __usercall@<eax>(int@<ebp>, int@<edi>, unsigned int *@<esi>, int, __int16, int, int, int, int, int, int, int, int, int, int, int, int, __int16)
sub_7E2DF 
sub_7E2E4 void __usercall(_WORD *@<ebp>, int@<edi>, int *@<esi>)
sub_7E308 int(void)
sub_7E30D int __usercall@<eax>(int@<ebx>, int, __int16, int, int, int, int, int, int, int, int, int, int, int, int, __int16)
sub_7E33A int __usercall@<eax>(int@<ebp>, int@<edi>, int@<esi>)
sub_7E34F int __usercall@<eax>(int@<ebp>, int@<edi>, int@<esi>)
sub_7E364 int __usercall@<eax>(int@<ebp>, int@<edi>, int@<esi>, int, __int16, int, int, int, int, int, int, int, int, int, int, int, int, __int16)
sub_7E376 int __usercall@<eax>(int@<ebp>, int@<edi>, int@<esi>, int, __int16, int, int, int, int, int, int, int, int, int, int, int, int, __int16)
sub_7E388 int __usercall@<eax>(int@<ebp>)
sub_7E39D int __usercall@<eax>(int@<ebp>)
sub_7E3B2 int __usercall@<eax>(int@<ebp>, int@<edi>, int@<esi>)
sub_7E3C7 int __usercall@<eax>(int@<ebp>, int@<edi>, int@<esi>)
sub_7E3DC int __usercall@<eax>(int@<ebp>, int@<edi>, int@<esi>, int, __int16, int, int, int, int, int, int, int, int, int, int, int, int, __int16)
sub_7E424 int __usercall@<eax>(int@<ebp>, int@<edi>, int@<esi>, int, __int16, int, int, int, int, int, int, int, int, int, int, int, int, __int16)
sub_7E44C int __usercall@<eax>(int@<ebx>, int@<ebp>, int@<edi>, int, __int16, int, int, int, int, int, int, int, int, int, int, int, int, __int16)
sub_7E4CD int __usercall@<eax>(int@<ebx>, int@<ebp>, int@<edi>, int, __int16, int, int, int, int, int, int, int, int, int, int, int, int, __int16)
sub_7E6E8 int __usercall@<eax>(int@<edx>, int@<ecx>, int@<ebx>, int@<ebp>, int@<edi>, int@<esi>, int, __int16, int, int, int, int, int, int, int, int, int, int, int, int, __int16)
sub_7E7F2 
sub_7E90A int __fastcall(int, int, int)
sub_7E993 int __usercall@<eax>(int@<ebx>, int@<ebp>, int, __int16, int, int, int, int, int, int, int, int, int, int, int, int, __int16)
sub_7E9ED int __usercall@<eax>(int@<ebp>, int@<edi>, int@<esi>)
sub_7EA02 int __usercall@<eax>(int@<ebp>, int@<edi>, int@<esi>)
sub_7EA17 int __usercall@<eax>(int@<ebp>)
sub_7EA2C int __usercall@<eax>(int@<ebp>)
sub_7EA41 int __usercall@<eax>(int@<ebp>, int@<edi>, int@<esi>)
sub_7EA56 int __usercall@<eax>(int@<ebp>, int@<edi>, int@<esi>)
sub_7EA6B int __usercall@<eax>(int@<ebp>, int@<esi>, int, __int16, int, int, int, int, int, int, int, int, int, int, int, int, __int16)
sub_7EA8A int __usercall@<eax>(int@<ebp>, int@<edi>, int@<esi>, int, __int16, int, int, int, int, int, int, int, int, int, int, int, int, __int16)
sub_7EAB6 int __usercall@<eax>(int@<ebp>, int@<edi>, int@<esi>, int, __int16, int, int, int, int, int, int, int, int, int, int, int, int, __int16)
sub_7EAC8 int __usercall@<eax>(int@<ebp>, int@<edi>, int@<esi>, int, __int16, int, int, int, int, int, int, int, int, int, int, int, int, __int16)
sub_7EADA void __usercall(int@<ebp>, int@<edi>, int@<esi>)
sub_7EB06 int __usercall@<eax>(int@<ebp>, int@<edi>, int@<esi>)
sub_7EB51 int __usercall@<eax>(int@<ebp>, int@<edi>, int@<esi>)
sub_7EB9C int __fastcall(int, int, int)
sub_7EC25 int __usercall@<eax>(int@<ebp>, int@<edi>)
sub_7EC70 int __usercall@<eax>(int@<ebp>, int@<edi>)
sub_7ECBB int __usercall@<eax>(int@<ebp>, int@<edi>, int@<esi>)
sub_7ED06 int __usercall@<eax>(int@<ebp>, int@<edi>, int@<esi>)
sub_7ED51 int __usercall@<eax>(int@<ebx>, int@<ebp>, int, __int16, int, int, int, int, int, int, int, int, int, int, int, int, __int16)
sub_7EEEA void()
sub_7EEF8 int __usercall@<eax>(int@<eax>, int@<edx>, int@<esi>)
sub_7EF22 int __userpurge@<eax>(int@<eax>, int@<esi>, int, int, __int16)
sub_7EF52 int __usercall@<eax>(__int64@<edx:eax>, int@<ecx>, int@<ebx>, int@<esi>)
sub_7F0BE int __fastcall(unsigned int, int)
sub_7F157 int __usercall@<eax>(int@<eax>, int@<edx>, _BYTE *@<ebp>, int@<esi>)
sub_7F181 int __usercall@<eax>(unsigned __int64@<edx:eax>, int@<ecx>, unsigned int@<ebx>, _BYTE *@<ebp>, int@<esi>)
sub_7F32C int __usercall@<eax>(int@<eax>, int@<edx>, int@<esi>)
sub_7F356 int __usercall@<eax>(unsigned __int64@<edx:eax>, unsigned int@<ecx>, unsigned int@<ebx>, int@<esi>)
sub_7F4A7 void()
sub_7F4AC int __fastcall(int *)
sub_7F516 int __fastcall(int)
sub_7F527 int __fastcall(unsigned int, int)
sub_7F55C int __usercall@<eax>(__int64@<edx:eax>, int@<ebx>, _BYTE *@<ebp>)
sub_7F5DC int __fastcall(int)
sub_7F65B int __usercall@<eax>(__int64 *@<eax>, _BYTE *@<ebp>)
sub_7F722 signed int __fastcall(signed int result, int)
sub_7F7E7 unsigned int __fastcall(unsigned int result, __int16)
sub_7F974 __int16 __usercall@<ax>(int@<eax>, int@<edx>, int@<ebx>, _BYTE *@<ebp>, int@<esi>)
sub_7FA2A __int16 __usercall __spoils<>@<ax>(int@<eax>, _BYTE *@<ebp>, int@<esi>)
sub_7FB8D int __usercall@<eax>(int@<eax>, int@<edx>, int@<edi>)
sub_7FBF3 int __usercall@<eax>(__int64@<edx:eax>, unsigned int@<ecx>, unsigned int@<ebx>, __int16@<di>, __int16@<si>)
sub_7FC6E char __usercall@<al>(int@<eax>, int@<ebp>, int@<edi>)
sub_7FD5C int __usercall@<eax>(int@<eax>, int@<edx>, _BYTE *@<ebp>, int@<esi>)
sub_7FD75 int __usercall@<eax>(int@<eax>, int@<edx>, _BYTE *@<ebp>, int@<esi>)
sub_7FDB8 int __usercall@<eax>(int@<eax>, _BYTE *@<ebp>)
sub_80050 int __usercall@<eax>(int@<eax>, int@<esi>)
sub_80247 int __fastcall(int)
sub_80251 int __fastcall(int)
sub_8025E int __fastcall(int)
sub_8026C 
sub_80294 int __fastcall(int, int, int, int)
sub_80468 int __fastcall(unsigned __int64)
sub_80554 void __usercall(int@<ecx>, int@<esi>)
sub_805A6 int __usercall@<eax>(int@<eax>, int@<edx>, int@<esi>)
__hook387 
__unhook387 
_do_nothing_ 
__init_80x87 
__math1err_ 
__math2err_ 
__wcpp_2_ts_size__ 
__FDFS 
__InitFiles_ 
__full_io_exit_ 
fcloseall_ int(void)
docloseall_ 
__qwrite_ 
unlink_ int __fastcall(const char *path)
__wcpp_2_stab_entry__ 
__wcpp_2_stab_trav_init__ 
__wcpp_2_stab_trav_comp__ 
__wcpp_2_stab_trav_next__ 
__wcpp_2_stab_trav_move__ 
W?callTerminate$n(pn$thread_ctl$$)v 
__wcpp_2_corrupted_stack__ 
W?typesigIndex$n(pn$dispatch_exc$$uipnpn$rt_type_sig$$)ui 
W?dispatchableFnExc$n(pn$dispatch_exc$$pn$__iaap9DTOR_CMD$$)i 
W?fneDispatch$n(pn$dispatch_exc$$)v 
W?dispatchableCatch$n(pn$dispatch_exc$$pn$__iaap9DTOR_CMD$$)i 
W?catchDispatch$n(pn$dispatch_exc$$)v 
W?unwindExc$n(pn$dispatch_exc$$)v 
W?unwindStack$n(pn$dispatch_exc$$)v 
W?dispatchable$n(pn$dispatch_exc$$pn$rw_dtreg$$)$$TE$$ 
W?getActiveExc$n(pn$thread_ctl$$)pn$active_exc$$ 
W?processThrow$n(pnvpn$throw_ro$$i)v 
__wcpp_2_rethrow__ 
W?dtorException$n(pn$rt_type_sig$$pn$active_exc$$)v 
__wcpp_2_catch_done__ 
__wcpp_2_throw__ 
__wcpp_2_throw_zero__ 
W?longjmpExcPop$n(pn$dispatch_exc$$pn$rw_dtreg$$)v 
W?longjmpDtoring$n(pfv)v 
W?longjmpInit$n()v 
flushall_ int(void)
__flushall_ 
getche_ int(void)
intdos_ int __fastcall(union REGS *, union REGS *)
fputc_ int __fastcall(int c, FILE *fp)
__CommonInit_ 
_heapenable_ int __fastcall(int enabled)
sbrk_ void near *__fastcall(int increment)
__brk_ void near *__fastcall(unsigned int new_brk_value)
__setenvp_ 
_SetMaxPrec_ 
DoEFormat_ 
DoFFormat_ 
AdjField_ int __fastcall(void *s)
_FtoS_ int __fastcall(int, int, int, int, size_t n, int, int, char, char)
strtod_ double __fastcall(const char *nptr, char **endptr)
_dos_setvect_ void __fastcall(int intnum, void (__fastcall __interrupt far *handler)())
_set_matherr_ 
__rterrmsg_ 
_matherr_ double __fastcall(struct exception *)
__wcpp_2_bit_test__ 
__wcpp_2_call_terminate__ 
catBaseSig_ 
__wcpp_2_ts_equiv__ 
__wcpp_2_alloc_exc__ 
__wcpp_2_free_exc__ 
__wcpp_2_pop_exc__ 
__wcpp_2_push_exc__ 
default_handler_ 
__Nan_Inf_ 
floor_ double __fastcall(double x)
_Scale_ int __stdcall(double, int, int)
_Scale10V_ int __stdcall(double, int)
__cvt_ int __stdcall(double, int, int, int, int, int)
__ModF 
__ZBuf2F 
sub_8236B 
__matherr int()
__get_std_stream_ 
fputs_ int __fastcall(const char *s, FILE *fp)
W?terminate$n()v 
modf_ double __fastcall(double value, double *iptr)
__CmpBigInt 
__Rnd2Int 
__Bin2String 
sub_826C2 
frexp_ double __fastcall(double value, int *exp)
Caching 'Local Types'... ok